{"/home/andres/Proyectos/diego-ferreira-platform/apps/web/src/middleware.ts": {"path":"/home/andres/Proyectos/diego-ferreira-platform/apps/web/src/middleware.ts","statementMap":{"0":{"start":{"line":5,"column":18},"end":{"line":5,"column":null}},"1":{"start":{"line":6,"column":18},"end":{"line":6,"column":null}},"2":{"start":{"line":9,"column":16},"end":{"line":9,"column":null}},"3":{"start":{"line":10,"column":23},"end":{"line":10,"column":null}},"4":{"start":{"line":12,"column":22},"end":{"line":12,"column":null}},"5":{"start":{"line":12,"column":42},"end":{"line":12,"column":64}},"6":{"start":{"line":13,"column":22},"end":{"line":13,"column":null}},"7":{"start":{"line":13,"column":42},"end":{"line":13,"column":64}},"8":{"start":{"line":15,"column":2},"end":{"line":27,"column":null}},"9":{"start":{"line":16,"column":4},"end":{"line":18,"column":null}},"10":{"start":{"line":17,"column":6},"end":{"line":17,"column":null}},"11":{"start":{"line":19,"column":4},"end":{"line":26,"column":null}},"12":{"start":{"line":20,"column":21},"end":{"line":20,"column":null}},"13":{"start":{"line":21,"column":6},"end":{"line":21,"column":null}},"14":{"start":{"line":23,"column":18},"end":{"line":23,"column":null}},"15":{"start":{"line":24,"column":6},"end":{"line":24,"column":null}},"16":{"start":{"line":25,"column":6},"end":{"line":25,"column":null}},"17":{"start":{"line":29,"column":2},"end":{"line":31,"column":null}},"18":{"start":{"line":30,"column":4},"end":{"line":30,"column":null}},"19":{"start":{"line":33,"column":2},"end":{"line":33,"column":null}},"20":{"start":{"line":36,"column":22},"end":{"line":39,"column":null}}},"fnMap":{"0":{"name":"middleware","decl":{"start":{"line":8,"column":22},"end":{"line":8,"column":33}},"loc":{"start":{"line":8,"column":51},"end":{"line":34,"column":null}},"line":8},"1":{"name":"(anonymous_1)","decl":{"start":{"line":12,"column":32},"end":{"line":12,"column":37}},"loc":{"start":{"line":12,"column":42},"end":{"line":12,"column":64}},"line":12},"2":{"name":"(anonymous_2)","decl":{"start":{"line":13,"column":32},"end":{"line":13,"column":37}},"loc":{"start":{"line":13,"column":42},"end":{"line":13,"column":64}},"line":13}},"branchMap":{"0":{"loc":{"start":{"line":15,"column":2},"end":{"line":27,"column":null}},"type":"if","locations":[{"start":{"line":15,"column":2},"end":{"line":27,"column":null}},{"start":{},"end":{}}],"line":15},"1":{"loc":{"start":{"line":16,"column":4},"end":{"line":18,"column":null}},"type":"if","locations":[{"start":{"line":16,"column":4},"end":{"line":18,"column":null}},{"start":{},"end":{}}],"line":16},"2":{"loc":{"start":{"line":29,"column":2},"end":{"line":31,"column":null}},"type":"if","locations":[{"start":{"line":29,"column":2},"end":{"line":31,"column":null}},{"start":{},"end":{}}],"line":29},"3":{"loc":{"start":{"line":29,"column":6},"end":{"line":29,"column":27}},"type":"binary-expr","locations":[{"start":{"line":29,"column":6},"end":{"line":29,"column":20}},{"start":{"line":29,"column":20},"end":{"line":29,"column":27}}],"line":29}},"s":{"0":1,"1":1,"2":10,"3":10,"4":10,"5":24,"6":10,"7":10,"8":10,"9":3,"10":1,"11":2,"12":2,"13":2,"14":1,"15":1,"16":1,"17":8,"18":1,"19":7,"20":1},"f":{"0":10,"1":24,"2":10},"b":{"0":[3,7],"1":[1,2],"2":[1,7],"3":[8,1]},"meta":{"lastBranch":4,"lastFunction":3,"lastStatement":21,"seen":{"s:5:18:5:Infinity":0,"s:6:18:6:Infinity":1,"f:8:22:8:33":0,"s:9:16:9:Infinity":2,"s:10:23:10:Infinity":3,"s:12:22:12:Infinity":4,"f:12:32:12:37":1,"s:12:42:12:64":5,"s:13:22:13:Infinity":6,"f:13:32:13:37":2,"s:13:42:13:64":7,"b:15:2:27:Infinity:undefined:undefined:undefined:undefined":0,"s:15:2:27:Infinity":8,"b:16:4:18:Infinity:undefined:undefined:undefined:undefined":1,"s:16:4:18:Infinity":9,"s:17:6:17:Infinity":10,"s:19:4:26:Infinity":11,"s:20:21:20:Infinity":12,"s:21:6:21:Infinity":13,"s:23:18:23:Infinity":14,"s:24:6:24:Infinity":15,"s:25:6:25:Infinity":16,"b:29:2:31:Infinity:undefined:undefined:undefined:undefined":2,"s:29:2:31:Infinity":17,"b:29:6:29:20:29:20:29:27":3,"s:30:4:30:Infinity":18,"s:33:2:33:Infinity":19,"s:36:22:39:Infinity":20},"fnNames":{}}}
,"/home/andres/Proyectos/diego-ferreira-platform/apps/web/src/app/avanza/page.tsx": {"path":"/home/andres/Proyectos/diego-ferreira-platform/apps/web/src/app/avanza/page.tsx","statementMap":{"0":{"start":{"line":8,"column":2},"end":{"line":15,"column":null}}},"fnMap":{"0":{"name":"AvanzaPage","decl":{"start":{"line":7,"column":24},"end":{"line":7,"column":37}},"loc":{"start":{"line":7,"column":37},"end":{"line":17,"column":null}},"line":7}},"branchMap":{},"s":{"0":5},"f":{"0":5},"b":{},"meta":{"lastBranch":0,"lastFunction":1,"lastStatement":1,"seen":{"f:7:24:7:37":0,"s:8:2:15:Infinity":0},"fnNames":{}}}
,"/home/andres/Proyectos/diego-ferreira-platform/apps/web/src/app/pago/PagoClient.tsx": {"path":"/home/andres/Proyectos/diego-ferreira-platform/apps/web/src/app/pago/PagoClient.tsx","statementMap":{"0":{"start":{"line":1,"column":0},"end":{"line":1,"column":null}},"1":{"start":{"line":7,"column":8},"end":{"line":7,"column":null}},"2":{"start":{"line":8,"column":19},"end":{"line":8,"column":null}},"3":{"start":{"line":9,"column":22},"end":{"line":9,"column":null}},"4":{"start":{"line":10,"column":22},"end":{"line":10,"column":null}},"5":{"start":{"line":11,"column":22},"end":{"line":11,"column":null}},"6":{"start":{"line":13,"column":8},"end":{"line":13,"column":null}},"7":{"start":{"line":14,"column":23},"end":{"line":16,"column":null}},"8":{"start":{"line":18,"column":2},"end":{"line":32,"column":null}},"9":{"start":{"line":19,"column":4},"end":{"line":19,"column":null}},"10":{"start":{"line":19,"column":18},"end":{"line":19,"column":46}},"11":{"start":{"line":19,"column":46},"end":{"line":19,"column":53}},"12":{"start":{"line":20,"column":4},"end":{"line":31,"column":null}},"13":{"start":{"line":26,"column":17},"end":{"line":26,"column":25}},"14":{"start":{"line":28,"column":8},"end":{"line":29,"column":null}},"15":{"start":{"line":28,"column":25},"end":{"line":28,"column":null}},"16":{"start":{"line":29,"column":13},"end":{"line":29,"column":null}},"17":{"start":{"line":31,"column":19},"end":{"line":31,"column":57}},"18":{"start":{"line":34,"column":2},"end":{"line":52,"column":null}},"19":{"start":{"line":35,"column":4},"end":{"line":35,"column":null}},"20":{"start":{"line":35,"column":36},"end":{"line":35,"column":null}},"21":{"start":{"line":36,"column":14},"end":{"line":36,"column":null}},"22":{"start":{"line":37,"column":4},"end":{"line":51,"column":null}},"23":{"start":{"line":38,"column":6},"end":{"line":50,"column":null}},"24":{"start":{"line":54,"column":2},"end":{"line":60,"column":null}},"25":{"start":{"line":54,"column":13},"end":{"line":60,"column":null}},"26":{"start":{"line":63,"column":2},"end":{"line":81,"column":null}},"27":{"start":{"line":67,"column":23},"end":{"line":67,"column":null}}},"fnMap":{"0":{"name":"PagoClient","decl":{"start":{"line":6,"column":24},"end":{"line":6,"column":37}},"loc":{"start":{"line":6,"column":37},"end":{"line":83,"column":null}},"line":6},"1":{"name":"(anonymous_1)","decl":{"start":{"line":18,"column":2},"end":{"line":18,"column":18}},"loc":{"start":{"line":18,"column":18},"end":{"line":32,"column":5}},"line":18},"2":{"name":"(anonymous_2)","decl":{"start":{"line":26,"column":7},"end":{"line":26,"column":12}},"loc":{"start":{"line":26,"column":17},"end":{"line":26,"column":25}},"line":26},"3":{"name":"(anonymous_3)","decl":{"start":{"line":27,"column":7},"end":{"line":27,"column":12}},"loc":{"start":{"line":27,"column":17},"end":{"line":30,"column":7}},"line":27},"4":{"name":"(anonymous_4)","decl":{"start":{"line":31,"column":7},"end":{"line":31,"column":19}},"loc":{"start":{"line":31,"column":19},"end":{"line":31,"column":57}},"line":31},"5":{"name":"(anonymous_5)","decl":{"start":{"line":34,"column":2},"end":{"line":34,"column":18}},"loc":{"start":{"line":34,"column":18},"end":{"line":52,"column":5}},"line":34},"6":{"name":"(anonymous_6)","decl":{"start":{"line":67,"column":8},"end":{"line":67,"column":23}},"loc":{"start":{"line":67,"column":23},"end":{"line":67,"column":null}},"line":67}},"branchMap":{"0":{"loc":{"start":{"line":14,"column":23},"end":{"line":16,"column":null}},"type":"cond-expr","locations":[{"start":{"line":15,"column":6},"end":{"line":15,"column":null}},{"start":{"line":16,"column":6},"end":{"line":16,"column":null}}],"line":14},"1":{"loc":{"start":{"line":19,"column":4},"end":{"line":19,"column":null}},"type":"if","locations":[{"start":{"line":19,"column":4},"end":{"line":19,"column":null}},{"start":{},"end":{}}],"line":19},"2":{"loc":{"start":{"line":28,"column":8},"end":{"line":29,"column":null}},"type":"if","locations":[{"start":{"line":28,"column":8},"end":{"line":29,"column":null}},{"start":{"line":29,"column":13},"end":{"line":29,"column":null}}],"line":28},"3":{"loc":{"start":{"line":35,"column":4},"end":{"line":35,"column":null}},"type":"if","locations":[{"start":{"line":35,"column":4},"end":{"line":35,"column":null}},{"start":{},"end":{}}],"line":35},"4":{"loc":{"start":{"line":35,"column":8},"end":{"line":35,"column":36}},"type":"binary-expr","locations":[{"start":{"line":35,"column":8},"end":{"line":35,"column":22}},{"start":{"line":35,"column":22},"end":{"line":35,"column":36}}],"line":35},"5":{"loc":{"start":{"line":37,"column":4},"end":{"line":51,"column":null}},"type":"if","locations":[{"start":{"line":37,"column":4},"end":{"line":51,"column":null}},{"start":{},"end":{}}],"line":37},"6":{"loc":{"start":{"line":54,"column":2},"end":{"line":60,"column":null}},"type":"if","locations":[{"start":{"line":54,"column":2},"end":{"line":60,"column":null}},{"start":{},"end":{}}],"line":54},"7":{"loc":{"start":{"line":74,"column":7},"end":{"line":75,"column":null}},"type":"binary-expr","locations":[{"start":{"line":74,"column":7},"end":{"line":74,"column":null}},{"start":{"line":75,"column":8},"end":{"line":75,"column":null}}],"line":74}},"s":{"0":1,"1":6,"2":6,"3":6,"4":6,"5":6,"6":6,"7":6,"8":6,"9":3,"10":1,"11":1,"12":2,"13":2,"14":2,"15":1,"16":1,"17":0,"18":6,"19":4,"20":4,"21":0,"22":0,"23":0,"24":6,"25":2,"26":4,"27":0},"f":{"0":6,"1":3,"2":2,"3":2,"4":0,"5":4,"6":0},"b":{"0":[0,6],"1":[1,2],"2":[1,1],"3":[4,0],"4":[4,1],"5":[0,0],"6":[2,4],"7":[4,3]},"meta":{"lastBranch":8,"lastFunction":7,"lastStatement":28,"seen":{"s:1:0:1:Infinity":0,"f:6:24:6:37":0,"s:7:8:7:Infinity":1,"s:8:19:8:Infinity":2,"s:9:22:9:Infinity":3,"s:10:22:10:Infinity":4,"s:11:22:11:Infinity":5,"s:13:8:13:Infinity":6,"s:14:23:16:Infinity":7,"b:15:6:15:Infinity:16:6:16:Infinity":0,"s:18:2:32:Infinity":8,"f:18:2:18:18":1,"b:19:4:19:Infinity:undefined:undefined:undefined:undefined":1,"s:19:4:19:Infinity":9,"s:19:18:19:46":10,"s:19:46:19:53":11,"s:20:4:31:Infinity":12,"f:26:7:26:12":2,"s:26:17:26:25":13,"f:27:7:27:12":3,"b:28:8:29:Infinity:29:13:29:Infinity":2,"s:28:8:29:Infinity":14,"s:28:25:28:Infinity":15,"s:29:13:29:Infinity":16,"f:31:7:31:19":4,"s:31:19:31:57":17,"s:34:2:52:Infinity":18,"f:34:2:34:18":5,"b:35:4:35:Infinity:undefined:undefined:undefined:undefined":3,"s:35:4:35:Infinity":19,"b:35:8:35:22:35:22:35:36":4,"s:35:36:35:Infinity":20,"s:36:14:36:Infinity":21,"b:37:4:51:Infinity:undefined:undefined:undefined:undefined":5,"s:37:4:51:Infinity":22,"s:38:6:50:Infinity":23,"b:54:2:60:Infinity:undefined:undefined:undefined:undefined":6,"s:54:2:60:Infinity":24,"s:54:13:60:Infinity":25,"s:63:2:81:Infinity":26,"f:67:8:67:23":6,"s:67:23:67:Infinity":27,"b:74:7:74:Infinity:75:8:75:Infinity":7},"fnNames":{}}}
,"/home/andres/Proyectos/diego-ferreira-platform/apps/web/src/components/BookCover.tsx": {"path":"/home/andres/Proyectos/diego-ferreira-platform/apps/web/src/components/BookCover.tsx","statementMap":{"0":{"start":{"line":1,"column":0},"end":{"line":1,"column":null}},"1":{"start":{"line":7,"column":2},"end":{"line":28,"column":null}}},"fnMap":{"0":{"name":"BookCover","decl":{"start":{"line":6,"column":24},"end":{"line":6,"column":36}},"loc":{"start":{"line":6,"column":36},"end":{"line":30,"column":null}},"line":6}},"branchMap":{},"s":{"0":1,"1":8},"f":{"0":8},"b":{},"meta":{"lastBranch":0,"lastFunction":1,"lastStatement":2,"seen":{"s:1:0:1:Infinity":0,"f:6:24:6:36":0,"s:7:2:28:Infinity":1},"fnNames":{}}}
,"/home/andres/Proyectos/diego-ferreira-platform/apps/web/src/components/BookSection.tsx": {"path":"/home/andres/Proyectos/diego-ferreira-platform/apps/web/src/components/BookSection.tsx","statementMap":{"0":{"start":{"line":1,"column":0},"end":{"line":1,"column":null}},"1":{"start":{"line":14,"column":15},"end":{"line":14,"column":null}},"2":{"start":{"line":15,"column":11},"end":{"line":15,"column":null}},"3":{"start":{"line":16,"column":13},"end":{"line":16,"column":null}},"4":{"start":{"line":19,"column":42},"end":{"line":19,"column":null}},"5":{"start":{"line":21,"column":2},"end":{"line":197,"column":null}},"6":{"start":{"line":76,"column":22},"end":{"line":82,"column":null}},"7":{"start":{"line":91,"column":24},"end":{"line":97,"column":null}},"8":{"start":{"line":102,"column":35},"end":{"line":102,"column":null}},"9":{"start":{"line":102,"column":56},"end":{"line":102,"column":58}}},"fnMap":{"0":{"name":"BookSection","decl":{"start":{"line":18,"column":24},"end":{"line":18,"column":38}},"loc":{"start":{"line":18,"column":38},"end":{"line":199,"column":null}},"line":18},"1":{"name":"(anonymous_1)","decl":{"start":{"line":75,"column":35},"end":{"line":75,"column":39}},"loc":{"start":{"line":76,"column":22},"end":{"line":82,"column":null}},"line":76},"2":{"name":"(anonymous_2)","decl":{"start":{"line":90,"column":37},"end":{"line":90,"column":41}},"loc":{"start":{"line":91,"column":24},"end":{"line":97,"column":null}},"line":91},"3":{"name":"(anonymous_3)","decl":{"start":{"line":102,"column":20},"end":{"line":102,"column":35}},"loc":{"start":{"line":102,"column":35},"end":{"line":102,"column":null}},"line":102},"4":{"name":"(anonymous_4)","decl":{"start":{"line":102,"column":35},"end":{"line":102,"column":51}},"loc":{"start":{"line":102,"column":56},"end":{"line":102,"column":58}},"line":102}},"branchMap":{"0":{"loc":{"start":{"line":63,"column":42},"end":{"line":63,"column":75}},"type":"cond-expr","locations":[{"start":{"line":63,"column":57},"end":{"line":63,"column":67}},{"start":{"line":63,"column":67},"end":{"line":63,"column":75}}],"line":63},"1":{"loc":{"start":{"line":105,"column":21},"end":{"line":105,"column":null}},"type":"cond-expr","locations":[{"start":{"line":105,"column":36},"end":{"line":105,"column":50}},{"start":{"line":105,"column":50},"end":{"line":105,"column":null}}],"line":105}},"s":{"0":1,"1":1,"2":1,"3":1,"4":8,"5":8,"6":120,"7":120,"8":2,"9":2},"f":{"0":8,"1":120,"2":120,"3":2,"4":2},"b":{"0":[1,7],"1":[1,7]},"meta":{"lastBranch":2,"lastFunction":5,"lastStatement":10,"seen":{"s:1:0:1:Infinity":0,"s:14:15:14:Infinity":1,"s:15:11:15:Infinity":2,"s:16:13:16:Infinity":3,"f:18:24:18:38":0,"s:19:42:19:Infinity":4,"s:21:2:197:Infinity":5,"b:63:57:63:67:63:67:63:75":0,"f:75:35:75:39":1,"s:76:22:82:Infinity":6,"f:90:37:90:41":2,"s:91:24:97:Infinity":7,"f:102:20:102:35":3,"s:102:35:102:Infinity":8,"f:102:35:102:51":4,"s:102:56:102:58":9,"b:105:36:105:50:105:50:105:Infinity":1},"fnNames":{}}}
,"/home/andres/Proyectos/diego-ferreira-platform/apps/web/src/components/libro/LibroCapitulos.tsx": {"path":"/home/andres/Proyectos/diego-ferreira-platform/apps/web/src/components/libro/LibroCapitulos.tsx","statementMap":{"0":{"start":{"line":5,"column":16},"end":{"line":5,"column":null}},"1":{"start":{"line":8,"column":29},"end":{"line":8,"column":null}},"2":{"start":{"line":11,"column":2},"end":{"line":82,"column":null}},"3":{"start":{"line":34,"column":24},"end":{"line":34,"column":null}},"4":{"start":{"line":35,"column":34},"end":{"line":35,"column":null}},"5":{"start":{"line":36,"column":12},"end":{"line":77,"column":null}}},"fnMap":{"0":{"name":"LibroCapitulos","decl":{"start":{"line":10,"column":24},"end":{"line":10,"column":41}},"loc":{"start":{"line":10,"column":41},"end":{"line":84,"column":null}},"line":10},"1":{"name":"(anonymous_1)","decl":{"start":{"line":33,"column":25},"end":{"line":33,"column":30}},"loc":{"start":{"line":33,"column":45},"end":{"line":79,"column":11}},"line":33}},"branchMap":{"0":{"loc":{"start":{"line":45,"column":26},"end":{"line":45,"column":null}},"type":"cond-expr","locations":[{"start":{"line":45,"column":42},"end":{"line":45,"column":67}},{"start":{"line":45,"column":67},"end":{"line":45,"column":null}}],"line":45},"1":{"loc":{"start":{"line":66,"column":27},"end":{"line":66,"column":null}},"type":"cond-expr","locations":[{"start":{"line":66,"column":43},"end":{"line":66,"column":53}},{"start":{"line":66,"column":53},"end":{"line":66,"column":null}}],"line":66}},"s":{"0":1,"1":1,"2":5,"3":75,"4":75,"5":75},"f":{"0":5,"1":75},"b":{"0":[15,60],"1":[15,60]},"meta":{"lastBranch":2,"lastFunction":2,"lastStatement":6,"seen":{"s:5:16:5:Infinity":0,"s:8:29:8:Infinity":1,"f:10:24:10:41":0,"s:11:2:82:Infinity":2,"f:33:25:33:30":1,"s:34:24:34:Infinity":3,"s:35:34:35:Infinity":4,"s:36:12:77:Infinity":5,"b:45:42:45:67:45:67:45:Infinity":0,"b:66:43:66:53:66:53:66:Infinity":1},"fnNames":{}}}
,"/home/andres/Proyectos/diego-ferreira-platform/apps/web/src/components/libro/LibroCompra.tsx": {"path":"/home/andres/Proyectos/diego-ferreira-platform/apps/web/src/components/libro/LibroCompra.tsx","statementMap":{"0":{"start":{"line":1,"column":0},"end":{"line":1,"column":null}},"1":{"start":{"line":5,"column":16},"end":{"line":5,"column":null}},"2":{"start":{"line":7,"column":17},"end":{"line":7,"column":null}},"3":{"start":{"line":9,"column":16},"end":{"line":14,"column":null}},"4":{"start":{"line":17,"column":32},"end":{"line":17,"column":null}},"5":{"start":{"line":18,"column":32},"end":{"line":18,"column":null}},"6":{"start":{"line":19,"column":32},"end":{"line":19,"column":null}},"7":{"start":{"line":20,"column":32},"end":{"line":20,"column":null}},"8":{"start":{"line":22,"column":8},"end":{"line":22,"column":null}},"9":{"start":{"line":23,"column":23},"end":{"line":25,"column":null}},"10":{"start":{"line":28,"column":4},"end":{"line":28,"column":null}},"11":{"start":{"line":29,"column":4},"end":{"line":32,"column":null}},"12":{"start":{"line":30,"column":6},"end":{"line":30,"column":null}},"13":{"start":{"line":31,"column":6},"end":{"line":31,"column":null}},"14":{"start":{"line":33,"column":4},"end":{"line":36,"column":null}},"15":{"start":{"line":34,"column":6},"end":{"line":34,"column":null}},"16":{"start":{"line":35,"column":6},"end":{"line":35,"column":null}},"17":{"start":{"line":38,"column":4},"end":{"line":38,"column":null}},"18":{"start":{"line":39,"column":4},"end":{"line":59,"column":null}},"19":{"start":{"line":40,"column":18},"end":{"line":44,"column":null}},"20":{"start":{"line":45,"column":19},"end":{"line":45,"column":null}},"21":{"start":{"line":46,"column":6},"end":{"line":50,"column":null}},"22":{"start":{"line":47,"column":8},"end":{"line":47,"column":null}},"23":{"start":{"line":48,"column":8},"end":{"line":48,"column":null}},"24":{"start":{"line":49,"column":8},"end":{"line":49,"column":null}},"25":{"start":{"line":55,"column":6},"end":{"line":55,"column":null}},"26":{"start":{"line":57,"column":6},"end":{"line":57,"column":null}},"27":{"start":{"line":58,"column":6},"end":{"line":58,"column":null}},"28":{"start":{"line":62,"column":2},"end":{"line":171,"column":null}},"29":{"start":{"line":92,"column":14},"end":{"line":94,"column":null}},"30":{"start":{"line":101,"column":27},"end":{"line":101,"column":null}},"31":{"start":{"line":117,"column":27},"end":{"line":117,"column":null}}},"fnMap":{"0":{"name":"LibroCompra","decl":{"start":{"line":16,"column":24},"end":{"line":16,"column":38}},"loc":{"start":{"line":16,"column":38},"end":{"line":173,"column":null}},"line":16},"1":{"name":"handleComprar","decl":{"start":{"line":27,"column":17},"end":{"line":27,"column":33}},"loc":{"start":{"line":27,"column":33},"end":{"line":60,"column":null}},"line":27},"2":{"name":"(anonymous_2)","decl":{"start":{"line":91,"column":21},"end":{"line":91,"column":25}},"loc":{"start":{"line":92,"column":14},"end":{"line":94,"column":null}},"line":92},"3":{"name":"(anonymous_3)","decl":{"start":{"line":101,"column":12},"end":{"line":101,"column":22}},"loc":{"start":{"line":101,"column":27},"end":{"line":101,"column":null}},"line":101},"4":{"name":"(anonymous_4)","decl":{"start":{"line":117,"column":12},"end":{"line":117,"column":22}},"loc":{"start":{"line":117,"column":27},"end":{"line":117,"column":null}},"line":117}},"branchMap":{"0":{"loc":{"start":{"line":23,"column":23},"end":{"line":25,"column":null}},"type":"cond-expr","locations":[{"start":{"line":24,"column":6},"end":{"line":24,"column":null}},{"start":{"line":25,"column":6},"end":{"line":25,"column":null}}],"line":23},"1":{"loc":{"start":{"line":29,"column":4},"end":{"line":32,"column":null}},"type":"if","locations":[{"start":{"line":29,"column":4},"end":{"line":32,"column":null}},{"start":{},"end":{}}],"line":29},"2":{"loc":{"start":{"line":33,"column":4},"end":{"line":36,"column":null}},"type":"if","locations":[{"start":{"line":33,"column":4},"end":{"line":36,"column":null}},{"start":{},"end":{}}],"line":33},"3":{"loc":{"start":{"line":46,"column":6},"end":{"line":50,"column":null}},"type":"if","locations":[{"start":{"line":46,"column":6},"end":{"line":50,"column":null}},{"start":{},"end":{}}],"line":46},"4":{"loc":{"start":{"line":46,"column":10},"end":{"line":46,"column":38}},"type":"binary-expr","locations":[{"start":{"line":46,"column":10},"end":{"line":46,"column":21}},{"start":{"line":46,"column":21},"end":{"line":46,"column":38}}],"line":46},"5":{"loc":{"start":{"line":130,"column":11},"end":{"line":133,"column":null}},"type":"binary-expr","locations":[{"start":{"line":130,"column":11},"end":{"line":130,"column":null}},{"start":{"line":131,"column":12},"end":{"line":133,"column":null}}],"line":130},"6":{"loc":{"start":{"line":154,"column":13},"end":{"line":154,"column":null}},"type":"cond-expr","locations":[{"start":{"line":154,"column":23},"end":{"line":154,"column":39}},{"start":{"line":154,"column":39},"end":{"line":154,"column":null}}],"line":154}},"s":{"0":2,"1":2,"2":2,"3":2,"4":135,"5":135,"6":135,"7":135,"8":135,"9":135,"10":6,"11":6,"12":1,"13":1,"14":5,"15":1,"16":1,"17":4,"18":4,"19":4,"20":4,"21":4,"22":1,"23":1,"24":1,"25":3,"26":0,"27":0,"28":135,"29":540,"30":50,"31":65},"f":{"0":135,"1":6,"2":540,"3":50,"4":65},"b":{"0":[0,135],"1":[1,5],"2":[1,4],"3":[1,3],"4":[4,4],"5":[135,3],"6":[4,131]},"meta":{"lastBranch":7,"lastFunction":5,"lastStatement":32,"seen":{"s:1:0:1:Infinity":0,"s:5:16:5:Infinity":1,"s:7:17:7:Infinity":2,"s:9:16:14:Infinity":3,"f:16:24:16:38":0,"s:17:32:17:Infinity":4,"s:18:32:18:Infinity":5,"s:19:32:19:Infinity":6,"s:20:32:20:Infinity":7,"s:22:8:22:Infinity":8,"s:23:23:25:Infinity":9,"b:24:6:24:Infinity:25:6:25:Infinity":0,"f:27:17:27:33":1,"s:28:4:28:Infinity":10,"b:29:4:32:Infinity:undefined:undefined:undefined:undefined":1,"s:29:4:32:Infinity":11,"s:30:6:30:Infinity":12,"s:31:6:31:Infinity":13,"b:33:4:36:Infinity:undefined:undefined:undefined:undefined":2,"s:33:4:36:Infinity":14,"s:34:6:34:Infinity":15,"s:35:6:35:Infinity":16,"s:38:4:38:Infinity":17,"s:39:4:59:Infinity":18,"s:40:18:44:Infinity":19,"s:45:19:45:Infinity":20,"b:46:6:50:Infinity:undefined:undefined:undefined:undefined":3,"s:46:6:50:Infinity":21,"b:46:10:46:21:46:21:46:38":4,"s:47:8:47:Infinity":22,"s:48:8:48:Infinity":23,"s:49:8:49:Infinity":24,"s:55:6:55:Infinity":25,"s:57:6:57:Infinity":26,"s:58:6:58:Infinity":27,"s:62:2:171:Infinity":28,"f:91:21:91:25":2,"s:92:14:94:Infinity":29,"f:101:12:101:22":3,"s:101:27:101:Infinity":30,"f:117:12:117:22":4,"s:117:27:117:Infinity":31,"b:130:11:130:Infinity:131:12:133:Infinity":5,"b:154:23:154:39:154:39:154:Infinity":6},"fnNames":{}}}
,"/home/andres/Proyectos/diego-ferreira-platform/apps/web/src/components/libro/LibroDescripcion.tsx": {"path":"/home/andres/Proyectos/diego-ferreira-platform/apps/web/src/components/libro/LibroDescripcion.tsx","statementMap":{"0":{"start":{"line":5,"column":16},"end":{"line":5,"column":null}},"1":{"start":{"line":7,"column":14},"end":{"line":14,"column":null}},"2":{"start":{"line":17,"column":2},"end":{"line":61,"column":null}},"3":{"start":{"line":42,"column":12},"end":{"line":57,"column":null}}},"fnMap":{"0":{"name":"LibroDescripcion","decl":{"start":{"line":16,"column":24},"end":{"line":16,"column":43}},"loc":{"start":{"line":16,"column":43},"end":{"line":63,"column":null}},"line":16},"1":{"name":"(anonymous_1)","decl":{"start":{"line":41,"column":17},"end":{"line":41,"column":21}},"loc":{"start":{"line":42,"column":12},"end":{"line":57,"column":null}},"line":42}},"branchMap":{},"s":{"0":1,"1":1,"2":5,"3":30},"f":{"0":5,"1":30},"b":{},"meta":{"lastBranch":0,"lastFunction":2,"lastStatement":4,"seen":{"s:5:16:5:Infinity":0,"s:7:14:14:Infinity":1,"f:16:24:16:43":0,"s:17:2:61:Infinity":2,"f:41:17:41:21":1,"s:42:12:57:Infinity":3},"fnNames":{}}}
,"/home/andres/Proyectos/diego-ferreira-platform/apps/web/src/components/libro/LibroHero.tsx": {"path":"/home/andres/Proyectos/diego-ferreira-platform/apps/web/src/components/libro/LibroHero.tsx","statementMap":{"0":{"start":{"line":1,"column":0},"end":{"line":1,"column":null}},"1":{"start":{"line":6,"column":16},"end":{"line":6,"column":null}},"2":{"start":{"line":9,"column":2},"end":{"line":9,"column":null}},"3":{"start":{"line":10,"column":2},"end":{"line":10,"column":null}},"4":{"start":{"line":14,"column":2},"end":{"line":152,"column":null}}},"fnMap":{"0":{"name":"scrollToComprar","decl":{"start":{"line":8,"column":9},"end":{"line":8,"column":25}},"loc":{"start":{"line":8,"column":46},"end":{"line":11,"column":null}},"line":8},"1":{"name":"LibroHero","decl":{"start":{"line":13,"column":24},"end":{"line":13,"column":36}},"loc":{"start":{"line":13,"column":36},"end":{"line":154,"column":null}},"line":13}},"branchMap":{},"s":{"0":1,"1":1,"2":0,"3":0,"4":5},"f":{"0":0,"1":5},"b":{},"meta":{"lastBranch":0,"lastFunction":2,"lastStatement":5,"seen":{"s:1:0:1:Infinity":0,"s:6:16:6:Infinity":1,"f:8:9:8:25":0,"s:9:2:9:Infinity":2,"s:10:2:10:Infinity":3,"f:13:24:13:36":1,"s:14:2:152:Infinity":4},"fnNames":{}}}
,"/home/andres/Proyectos/diego-ferreira-platform/apps/web/src/components/libro/LibroTestimonios.tsx": {"path":"/home/andres/Proyectos/diego-ferreira-platform/apps/web/src/components/libro/LibroTestimonios.tsx","statementMap":{"0":{"start":{"line":4,"column":16},"end":{"line":4,"column":null}},"1":{"start":{"line":6,"column":20},"end":{"line":10,"column":null}},"2":{"start":{"line":13,"column":2},"end":{"line":51,"column":null}},"3":{"start":{"line":31,"column":12},"end":{"line":47,"column":null}}},"fnMap":{"0":{"name":"LibroTestimonios","decl":{"start":{"line":12,"column":24},"end":{"line":12,"column":43}},"loc":{"start":{"line":12,"column":43},"end":{"line":53,"column":null}},"line":12},"1":{"name":"(anonymous_1)","decl":{"start":{"line":30,"column":23},"end":{"line":30,"column":27}},"loc":{"start":{"line":31,"column":12},"end":{"line":47,"column":null}},"line":31}},"branchMap":{},"s":{"0":1,"1":1,"2":5,"3":15},"f":{"0":5,"1":15},"b":{},"meta":{"lastBranch":0,"lastFunction":2,"lastStatement":4,"seen":{"s:4:16:4:Infinity":0,"s:6:20:10:Infinity":1,"f:12:24:12:43":0,"s:13:2:51:Infinity":2,"f:30:23:30:27":1,"s:31:12:47:Infinity":3},"fnNames":{}}}
,"/home/andres/Proyectos/diego-ferreira-platform/apps/web/src/components/nav/TopBar.tsx": {"path":"/home/andres/Proyectos/diego-ferreira-platform/apps/web/src/components/nav/TopBar.tsx","statementMap":{"0":{"start":{"line":1,"column":0},"end":{"line":1,"column":null}},"1":{"start":{"line":12,"column":18},"end":{"line":18,"column":null}},"2":{"start":{"line":20,"column":23},"end":{"line":26,"column":null}},"3":{"start":{"line":29,"column":13},"end":{"line":29,"column":null}},"4":{"start":{"line":30,"column":2},"end":{"line":30,"column":null}},"5":{"start":{"line":30,"column":11},"end":{"line":30,"column":null}},"6":{"start":{"line":31,"column":13},"end":{"line":31,"column":null}},"7":{"start":{"line":32,"column":2},"end":{"line":32,"column":null}},"8":{"start":{"line":32,"column":10},"end":{"line":32,"column":null}},"9":{"start":{"line":36,"column":38},"end":{"line":36,"column":null}},"10":{"start":{"line":37,"column":8},"end":{"line":37,"column":null}},"11":{"start":{"line":39,"column":2},"end":{"line":180,"column":null}},"12":{"start":{"line":67,"column":14},"end":{"line":81,"column":null}},"13":{"start":{"line":69,"column":31},"end":{"line":69,"column":null}},"14":{"start":{"line":107,"column":27},"end":{"line":107,"column":null}},"15":{"start":{"line":119,"column":23},"end":{"line":119,"column":null}},"16":{"start":{"line":129,"column":37},"end":{"line":129,"column":59}},"17":{"start":{"line":136,"column":12},"end":{"line":156,"column":null}},"18":{"start":{"line":140,"column":29},"end":{"line":140,"column":null}}},"fnMap":{"0":{"name":"scrollTo","decl":{"start":{"line":28,"column":9},"end":{"line":28,"column":18}},"loc":{"start":{"line":28,"column":32},"end":{"line":33,"column":null}},"line":28},"1":{"name":"TopBar","decl":{"start":{"line":35,"column":24},"end":{"line":35,"column":33}},"loc":{"start":{"line":35,"column":33},"end":{"line":182,"column":null}},"line":35},"2":{"name":"(anonymous_2)","decl":{"start":{"line":66,"column":23},"end":{"line":66,"column":27}},"loc":{"start":{"line":67,"column":14},"end":{"line":81,"column":null}},"line":67},"3":{"name":"(anonymous_3)","decl":{"start":{"line":69,"column":16},"end":{"line":69,"column":31}},"loc":{"start":{"line":69,"column":31},"end":{"line":69,"column":null}},"line":69},"4":{"name":"(anonymous_4)","decl":{"start":{"line":107,"column":12},"end":{"line":107,"column":27}},"loc":{"start":{"line":107,"column":27},"end":{"line":107,"column":null}},"line":107},"5":{"name":"(anonymous_5)","decl":{"start":{"line":119,"column":8},"end":{"line":119,"column":23}},"loc":{"start":{"line":119,"column":23},"end":{"line":119,"column":null}},"line":119},"6":{"name":"(anonymous_6)","decl":{"start":{"line":129,"column":22},"end":{"line":129,"column":37}},"loc":{"start":{"line":129,"column":37},"end":{"line":129,"column":59}},"line":129},"7":{"name":"(anonymous_7)","decl":{"start":{"line":135,"column":26},"end":{"line":135,"column":30}},"loc":{"start":{"line":136,"column":12},"end":{"line":156,"column":null}},"line":136},"8":{"name":"(anonymous_8)","decl":{"start":{"line":140,"column":14},"end":{"line":140,"column":29}},"loc":{"start":{"line":140,"column":29},"end":{"line":140,"column":null}},"line":140}},"branchMap":{"0":{"loc":{"start":{"line":30,"column":2},"end":{"line":30,"column":null}},"type":"if","locations":[{"start":{"line":30,"column":2},"end":{"line":30,"column":null}},{"start":{},"end":{}}],"line":30},"1":{"loc":{"start":{"line":32,"column":2},"end":{"line":32,"column":null}},"type":"if","locations":[{"start":{"line":32,"column":2},"end":{"line":32,"column":null}},{"start":{},"end":{}}],"line":32},"2":{"loc":{"start":{"line":43,"column":19},"end":{"line":43,"column":null}},"type":"cond-expr","locations":[{"start":{"line":43,"column":29},"end":{"line":43,"column":33}},{"start":{"line":43,"column":33},"end":{"line":43,"column":null}}],"line":43},"3":{"loc":{"start":{"line":45,"column":19},"end":{"line":45,"column":null}},"type":"cond-expr","locations":[{"start":{"line":45,"column":29},"end":{"line":45,"column":53}},{"start":{"line":45,"column":53},"end":{"line":45,"column":null}}],"line":45},"4":{"loc":{"start":{"line":46,"column":26},"end":{"line":46,"column":null}},"type":"cond-expr","locations":[{"start":{"line":46,"column":36},"end":{"line":46,"column":51}},{"start":{"line":46,"column":51},"end":{"line":46,"column":null}}],"line":46},"5":{"loc":{"start":{"line":48,"column":24},"end":{"line":48,"column":null}},"type":"cond-expr","locations":[{"start":{"line":48,"column":34},"end":{"line":48,"column":71}},{"start":{"line":48,"column":71},"end":{"line":48,"column":null}}],"line":48}},"s":{"0":1,"1":1,"2":1,"3":0,"4":0,"5":0,"6":0,"7":0,"8":0,"9":8,"10":8,"11":8,"12":40,"13":0,"14":2,"15":0,"16":0,"17":40,"18":0},"f":{"0":0,"1":8,"2":40,"3":0,"4":2,"5":0,"6":0,"7":40,"8":0},"b":{"0":[0,0],"1":[0,0],"2":[0,8],"3":[0,8],"4":[0,8],"5":[0,8]},"meta":{"lastBranch":6,"lastFunction":9,"lastStatement":19,"seen":{"s:1:0:1:Infinity":0,"s:12:18:18:Infinity":1,"s:20:23:26:Infinity":2,"f:28:9:28:18":0,"s:29:13:29:Infinity":3,"b:30:2:30:Infinity:undefined:undefined:undefined:undefined":0,"s:30:2:30:Infinity":4,"s:30:11:30:Infinity":5,"s:31:13:31:Infinity":6,"b:32:2:32:Infinity:undefined:undefined:undefined:undefined":1,"s:32:2:32:Infinity":7,"s:32:10:32:Infinity":8,"f:35:24:35:33":1,"s:36:38:36:Infinity":9,"s:37:8:37:Infinity":10,"s:39:2:180:Infinity":11,"b:43:29:43:33:43:33:43:Infinity":2,"b:45:29:45:53:45:53:45:Infinity":3,"b:46:36:46:51:46:51:46:Infinity":4,"b:48:34:48:71:48:71:48:Infinity":5,"f:66:23:66:27":2,"s:67:14:81:Infinity":12,"f:69:16:69:31":3,"s:69:31:69:Infinity":13,"f:107:12:107:27":4,"s:107:27:107:Infinity":14,"f:119:8:119:23":5,"s:119:23:119:Infinity":15,"f:129:22:129:37":6,"s:129:37:129:59":16,"f:135:26:135:30":7,"s:136:12:156:Infinity":17,"f:140:14:140:29":8,"s:140:29:140:Infinity":18},"fnNames":{}}}
,"/home/andres/Proyectos/diego-ferreira-platform/apps/web/src/lib/auth_server.ts": {"path":"/home/andres/Proyectos/diego-ferreira-platform/apps/web/src/lib/auth_server.ts","statementMap":{"0":{"start":{"line":11,"column":2},"end":{"line":23,"column":null}},"1":{"start":{"line":12,"column":24},"end":{"line":12,"column":null}},"2":{"start":{"line":13,"column":18},"end":{"line":13,"column":null}},"3":{"start":{"line":14,"column":4},"end":{"line":14,"column":null}},"4":{"start":{"line":14,"column":16},"end":{"line":14,"column":null}},"5":{"start":{"line":16,"column":19},"end":{"line":18,"column":null}},"6":{"start":{"line":19,"column":24},"end":{"line":19,"column":null}},"7":{"start":{"line":20,"column":4},"end":{"line":20,"column":null}},"8":{"start":{"line":22,"column":4},"end":{"line":22,"column":null}}},"fnMap":{"0":{"name":"getCurrentUser","decl":{"start":{"line":10,"column":22},"end":{"line":10,"column":67}},"loc":{"start":{"line":10,"column":67},"end":{"line":24,"column":null}},"line":10}},"branchMap":{"0":{"loc":{"start":{"line":14,"column":4},"end":{"line":14,"column":null}},"type":"if","locations":[{"start":{"line":14,"column":4},"end":{"line":14,"column":null}},{"start":{},"end":{}}],"line":14}},"s":{"0":4,"1":4,"2":4,"3":4,"4":1,"5":3,"6":3,"7":1,"8":2},"f":{"0":4},"b":{"0":[1,3]},"meta":{"lastBranch":1,"lastFunction":1,"lastStatement":9,"seen":{"f:10:22:10:67":0,"s:11:2:23:Infinity":0,"s:12:24:12:Infinity":1,"s:13:18:13:Infinity":2,"b:14:4:14:Infinity:undefined:undefined:undefined:undefined":0,"s:14:4:14:Infinity":3,"s:14:16:14:Infinity":4,"s:16:19:18:Infinity":5,"s:19:24:19:Infinity":6,"s:20:4:20:Infinity":7,"s:22:4:22:Infinity":8},"fnNames":{}}}
,"/home/andres/Proyectos/diego-ferreira-platform/apps/web/src/lib/book.ts": {"path":"/home/andres/Proyectos/diego-ferreira-platform/apps/web/src/lib/book.ts","statementMap":{"0":{"start":{"line":3,"column":26},"end":{"line":3,"column":null}},"1":{"start":{"line":4,"column":27},"end":{"line":4,"column":null}},"2":{"start":{"line":7,"column":2},"end":{"line":13,"column":null}},"3":{"start":{"line":15,"column":39},"end":{"line":31,"column":null}},"4":{"start":{"line":33,"column":32},"end":{"line":33,"column":null}},"5":{"start":{"line":36,"column":26},"end":{"line":40,"column":null}},"6":{"start":{"line":44,"column":36},"end":{"line":44,"column":null}}},"fnMap":{},"branchMap":{},"s":{"0":2,"1":2,"2":2,"3":2,"4":2,"5":2,"6":2},"f":{},"b":{},"meta":{"lastBranch":0,"lastFunction":0,"lastStatement":7,"seen":{"s:3:26:3:Infinity":0,"s:4:27:4:Infinity":1,"s:7:2:13:Infinity":2,"s:15:39:31:Infinity":3,"s:33:32:33:Infinity":4,"s:36:26:40:Infinity":5,"s:44:36:44:Infinity":6},"fnNames":{}}}
}
