{"/home/andres/Proyectos/diego-ferreira-platform/apps/api/src/app.module.ts": {"path":"/home/andres/Proyectos/diego-ferreira-platform/apps/api/src/app.module.ts","statementMap":{"0":{"start":{"line":1,"column":0},"end":{"line":1,"column":40}},"1":{"start":{"line":2,"column":0},"end":{"line":2,"column":46}},"2":{"start":{"line":3,"column":0},"end":{"line":3,"column":50}},"3":{"start":{"line":4,"column":0},"end":{"line":4,"column":48}},"4":{"start":{"line":5,"column":0},"end":{"line":5,"column":51}},"5":{"start":{"line":6,"column":0},"end":{"line":6,"column":54}},"6":{"start":{"line":7,"column":0},"end":{"line":7,"column":60}},"7":{"start":{"line":8,"column":0},"end":{"line":8,"column":60}},"8":{"start":{"line":9,"column":0},"end":{"line":9,"column":60}},"9":{"start":{"line":10,"column":0},"end":{"line":10,"column":63}},"10":{"start":{"line":11,"column":0},"end":{"line":11,"column":54}},"11":{"start":{"line":12,"column":0},"end":{"line":12,"column":45}},"12":{"start":{"line":29,"column":7},"end":{"line":29,"column":null}},"13":{"start":{"line":29,"column":13},"end":{"line":29,"column":22}},"14":{"start":{"line":29,"column":13},"end":{"line":29,"column":null}}},"fnMap":{},"branchMap":{},"s":{"0":0,"1":0,"2":0,"3":0,"4":0,"5":0,"6":0,"7":0,"8":0,"9":0,"10":0,"11":0,"12":0,"13":0,"14":0},"f":{},"b":{}}
,"/home/andres/Proyectos/diego-ferreira-platform/apps/api/src/main.ts": {"path":"/home/andres/Proyectos/diego-ferreira-platform/apps/api/src/main.ts","statementMap":{"0":{"start":{"line":1,"column":0},"end":{"line":1,"column":43}},"1":{"start":{"line":2,"column":0},"end":{"line":2,"column":43}},"2":{"start":{"line":3,"column":0},"end":{"line":3,"column":47}},"3":{"start":{"line":6,"column":14},"end":{"line":6,"column":49}},"4":{"start":{"line":8,"column":2},"end":{"line":8,"column":26}},"5":{"start":{"line":10,"column":2},"end":{"line":20,"column":5}},"6":{"start":{"line":22,"column":15},"end":{"line":22,"column":39}},"7":{"start":{"line":23,"column":2},"end":{"line":23,"column":25}},"8":{"start":{"line":24,"column":2},"end":{"line":24,"column":59}},"9":{"start":{"line":27,"column":0},"end":{"line":27,"column":12}}},"fnMap":{"0":{"name":"bootstrap","decl":{"start":{"line":5,"column":15},"end":{"line":5,"column":24}},"loc":{"start":{"line":5,"column":24},"end":{"line":25,"column":1}}}},"branchMap":{"0":{"loc":{"start":{"line":14,"column":6},"end":{"line":14,"column":57}},"type":"binary-expr","locations":[{"start":{"line":14,"column":6},"end":{"line":14,"column":30}},{"start":{"line":14,"column":34},"end":{"line":14,"column":57}}]},"1":{"loc":{"start":{"line":15,"column":6},"end":{"line":15,"column":57}},"type":"binary-expr","locations":[{"start":{"line":15,"column":6},"end":{"line":15,"column":27}},{"start":{"line":15,"column":34},"end":{"line":15,"column":57}}]},"2":{"loc":{"start":{"line":22,"column":15},"end":{"line":22,"column":39}},"type":"binary-expr","locations":[{"start":{"line":22,"column":15},"end":{"line":22,"column":31}},{"start":{"line":22,"column":35},"end":{"line":22,"column":39}}]}},"s":{"0":0,"1":0,"2":0,"3":0,"4":0,"5":0,"6":0,"7":0,"8":0,"9":0},"f":{"0":0},"b":{"0":[0,0],"1":[0,0],"2":[0,0]}}
,"/home/andres/Proyectos/diego-ferreira-platform/apps/api/src/auth/auth.controller.ts": {"path":"/home/andres/Proyectos/diego-ferreira-platform/apps/api/src/auth/auth.controller.ts","statementMap":{"0":{"start":{"line":1,"column":0},"end":{"line":1,"column":null}},"1":{"start":{"line":6,"column":0},"end":{"line":6,"column":45}},"2":{"start":{"line":7,"column":0},"end":{"line":7,"column":39}},"3":{"start":{"line":10,"column":7},"end":{"line":44,"column":null}},"4":{"start":{"line":11,"column":22},"end":{"line":11,"column":28}},"5":{"start":{"line":20,"column":6},"end":{"line":20,"column":54}},"6":{"start":{"line":22,"column":4},"end":{"line":27,"column":7}},"7":{"start":{"line":29,"column":4},"end":{"line":29,"column":20}},"8":{"start":{"line":35,"column":4},"end":{"line":35,"column":36}},"9":{"start":{"line":36,"column":4},"end":{"line":36,"column":24}},"10":{"start":{"line":42,"column":4},"end":{"line":42,"column":39}},"11":{"start":{"line":10,"column":13},"end":{"line":10,"column":27}},"12":{"start":{"line":15,"column":8},"end":{"line":30,"column":null}},"13":{"start":{"line":34,"column":2},"end":{"line":37,"column":null}},"14":{"start":{"line":41,"column":2},"end":{"line":43,"column":null}},"15":{"start":{"line":10,"column":13},"end":{"line":44,"column":null}}},"fnMap":{"0":{"name":"(anonymous_4)","decl":{"start":{"line":11,"column":2},"end":{"line":11,"column":22}},"loc":{"start":{"line":11,"column":39},"end":{"line":11,"column":43}}},"1":{"name":"(anonymous_5)","decl":{"start":{"line":15,"column":8},"end":{"line":15,"column":13}},"loc":{"start":{"line":17,"column":45},"end":{"line":30,"column":3}}},"2":{"name":"(anonymous_6)","decl":{"start":{"line":34,"column":2},"end":{"line":34,"column":8}},"loc":{"start":{"line":34,"column":50},"end":{"line":37,"column":3}}},"3":{"name":"(anonymous_7)","decl":{"start":{"line":41,"column":2},"end":{"line":41,"column":4}},"loc":{"start":{"line":41,"column":24},"end":{"line":43,"column":3}}}},"branchMap":{"0":{"loc":{"start":{"line":11,"column":28},"end":{"line":11,"column":42}},"type":"cond-expr","locations":[{"start":{"line":11,"column":39},"end":{"line":11,"column":42}},{"start":{"line":11,"column":39},"end":{"line":11,"column":42}}]},"1":{"loc":{"start":{"line":11,"column":28},"end":{"line":11,"column":39}},"type":"binary-expr","locations":[{"start":{"line":11,"column":28},"end":{"line":11,"column":42}},{"start":{"line":11,"column":28},"end":{"line":11,"column":39}}]}},"s":{"0":1,"1":1,"2":1,"3":1,"4":5,"5":2,"6":1,"7":1,"8":1,"9":1,"10":1,"11":1,"12":1,"13":1,"14":1,"15":1},"f":{"0":5,"1":2,"2":1,"3":1},"b":{"0":[1,0],"1":[1,1]}}
,"/home/andres/Proyectos/diego-ferreira-platform/apps/api/src/auth/auth.module.ts": {"path":"/home/andres/Proyectos/diego-ferreira-platform/apps/api/src/auth/auth.module.ts","statementMap":{"0":{"start":{"line":1,"column":0},"end":{"line":1,"column":40}},"1":{"start":{"line":2,"column":0},"end":{"line":2,"column":40}},"2":{"start":{"line":3,"column":0},"end":{"line":3,"column":61}},"3":{"start":{"line":4,"column":0},"end":{"line":4,"column":51}},"4":{"start":{"line":5,"column":0},"end":{"line":5,"column":45}},"5":{"start":{"line":6,"column":0},"end":{"line":6,"column":39}},"6":{"start":{"line":7,"column":0},"end":{"line":7,"column":55}},"7":{"start":{"line":25,"column":7},"end":{"line":25,"column":null}},"8":{"start":{"line":25,"column":13},"end":{"line":25,"column":23}},"9":{"start":{"line":25,"column":13},"end":{"line":25,"column":null}},"10":{"start":{"line":15,"column":43},"end":{"line":18,"column":8}}},"fnMap":{"0":{"name":"(anonymous_1)","decl":{"start":{"line":15,"column":18},"end":{"line":15,"column":19}},"loc":{"start":{"line":15,"column":43},"end":{"line":18,"column":8}}}},"branchMap":{},"s":{"0":0,"1":0,"2":0,"3":0,"4":0,"5":0,"6":0,"7":0,"8":0,"9":0,"10":0},"f":{"0":0},"b":{}}
,"/home/andres/Proyectos/diego-ferreira-platform/apps/api/src/auth/auth.service.ts": {"path":"/home/andres/Proyectos/diego-ferreira-platform/apps/api/src/auth/auth.service.ts","statementMap":{"0":{"start":{"line":1,"column":0},"end":{"line":1,"column":67}},"1":{"start":{"line":2,"column":0},"end":{"line":2,"column":41}},"2":{"start":{"line":3,"column":0},"end":{"line":3,"column":57}},"3":{"start":{"line":4,"column":0},"end":{"line":4,"column":33}},"4":{"start":{"line":7,"column":7},"end":{"line":48,"column":null}},"5":{"start":{"line":9,"column":12},"end":{"line":9,"column":20}},"6":{"start":{"line":10,"column":12},"end":{"line":10,"column":17}},"7":{"start":{"line":14,"column":17},"end":{"line":16,"column":6}},"8":{"start":{"line":17,"column":4},"end":{"line":17,"column":73}},"9":{"start":{"line":17,"column":15},"end":{"line":17,"column":73}},"10":{"start":{"line":19,"column":15},"end":{"line":19,"column":64}},"11":{"start":{"line":20,"column":4},"end":{"line":20,"column":71}},"12":{"start":{"line":20,"column":13},"end":{"line":20,"column":71}},"13":{"start":{"line":22,"column":20},"end":{"line":26,"column":6}},"14":{"start":{"line":27,"column":25},"end":{"line":27,"column":47}},"15":{"start":{"line":29,"column":4},"end":{"line":32,"column":6}},"16":{"start":{"line":39,"column":17},"end":{"line":39,"column":53}},"17":{"start":{"line":40,"column":4},"end":{"line":46,"column":7}},"18":{"start":{"line":7,"column":13},"end":{"line":7,"column":24}},"19":{"start":{"line":7,"column":13},"end":{"line":48,"column":null}}},"fnMap":{"0":{"name":"(anonymous_11)","decl":{"start":{"line":8,"column":2},"end":{"line":8,"column":null}},"loc":{"start":{"line":10,"column":27},"end":{"line":11,"column":6}}},"1":{"name":"(anonymous_12)","decl":{"start":{"line":13,"column":2},"end":{"line":13,"column":7}},"loc":{"start":{"line":13,"column":45},"end":{"line":33,"column":3}}},"2":{"name":"(anonymous_13)","decl":{"start":{"line":35,"column":2},"end":{"line":35,"column":7}},"loc":{"start":{"line":38,"column":3},"end":{"line":47,"column":3}}}},"branchMap":{"0":{"loc":{"start":{"line":17,"column":4},"end":{"line":17,"column":73}},"type":"if","locations":[{"start":{"line":17,"column":4},"end":{"line":17,"column":73}},{"start":{},"end":{}}]},"1":{"loc":{"start":{"line":20,"column":4},"end":{"line":20,"column":71}},"type":"if","locations":[{"start":{"line":20,"column":4},"end":{"line":20,"column":71}},{"start":{},"end":{}}]},"2":{"loc":{"start":{"line":44,"column":15},"end":{"line":44,"column":45}},"type":"binary-expr","locations":[{"start":{"line":44,"column":15},"end":{"line":44,"column":32}},{"start":{"line":44,"column":36},"end":{"line":44,"column":45}}]},"3":{"loc":{"start":{"line":9,"column":20},"end":{"line":9,"column":null}},"type":"cond-expr","locations":[{"start":{"line":9,"column":33},"end":{"line":9,"column":null}},{"start":{"line":9,"column":33},"end":{"line":9,"column":null}}]},"4":{"loc":{"start":{"line":9,"column":20},"end":{"line":9,"column":33}},"type":"binary-expr","locations":[{"start":{"line":9,"column":20},"end":{"line":9,"column":null}},{"start":{"line":9,"column":20},"end":{"line":9,"column":33}}]},"5":{"loc":{"start":{"line":9,"column":33},"end":{"line":10,"column":null}},"type":"cond-expr","locations":[{"start":{"line":10,"column":27},"end":{"line":10,"column":null}},{"start":{"line":10,"column":27},"end":{"line":10,"column":null}}]},"6":{"loc":{"start":{"line":9,"column":33},"end":{"line":10,"column":27}},"type":"binary-expr","locations":[{"start":{"line":9,"column":33},"end":{"line":10,"column":null}},{"start":{"line":10,"column":17},"end":{"line":10,"column":27}}]}},"s":{"0":2,"1":2,"2":2,"3":2,"4":2,"5":4,"6":4,"7":3,"8":3,"9":1,"10":2,"11":2,"12":1,"13":1,"14":1,"15":1,"16":1,"17":1,"18":2,"19":2},"f":{"0":4,"1":3,"2":1},"b":{"0":[1,2],"1":[1,1],"2":[1,1],"3":[2,0],"4":[2,2],"5":[2,0],"6":[2,2]}}
,"/home/andres/Proyectos/diego-ferreira-platform/apps/api/src/auth/jwt.guard.ts": {"path":"/home/andres/Proyectos/diego-ferreira-platform/apps/api/src/auth/jwt.guard.ts","statementMap":{"0":{"start":{"line":1,"column":0},"end":{"line":1,"column":null}},"1":{"start":{"line":5,"column":0},"end":{"line":5,"column":41}},"2":{"start":{"line":6,"column":0},"end":{"line":6,"column":47}},"3":{"start":{"line":9,"column":7},"end":{"line":34,"column":null}},"4":{"start":{"line":11,"column":12},"end":{"line":11,"column":17}},"5":{"start":{"line":12,"column":12},"end":{"line":12,"column":17}},"6":{"start":{"line":16,"column":16},"end":{"line":16,"column":47}},"7":{"start":{"line":20,"column":6},"end":{"line":21,"column":47}},"8":{"start":{"line":23,"column":4},"end":{"line":23,"column":50}},"9":{"start":{"line":23,"column":16},"end":{"line":23,"column":50}},"10":{"start":{"line":25,"column":4},"end":{"line":32,"column":5}},"11":{"start":{"line":26,"column":6},"end":{"line":28,"column":9}},"12":{"start":{"line":29,"column":6},"end":{"line":29,"column":18}},"13":{"start":{"line":31,"column":6},"end":{"line":31,"column":67}},"14":{"start":{"line":9,"column":13},"end":{"line":9,"column":21}},"15":{"start":{"line":9,"column":13},"end":{"line":34,"column":null}}},"fnMap":{"0":{"name":"(anonymous_2)","decl":{"start":{"line":10,"column":2},"end":{"line":10,"column":null}},"loc":{"start":{"line":12,"column":30},"end":{"line":13,"column":6}}},"1":{"name":"(anonymous_3)","decl":{"start":{"line":15,"column":2},"end":{"line":15,"column":13}},"loc":{"start":{"line":15,"column":35},"end":{"line":33,"column":3}}}},"branchMap":{"0":{"loc":{"start":{"line":20,"column":6},"end":{"line":21,"column":47}},"type":"binary-expr","locations":[{"start":{"line":20,"column":6},"end":{"line":20,"column":31}},{"start":{"line":21,"column":6},"end":{"line":21,"column":47}}]},"1":{"loc":{"start":{"line":23,"column":4},"end":{"line":23,"column":50}},"type":"if","locations":[{"start":{"line":23,"column":4},"end":{"line":23,"column":50}},{"start":{},"end":{}}]},"2":{"loc":{"start":{"line":11,"column":17},"end":{"line":11,"column":null}},"type":"cond-expr","locations":[{"start":{"line":11,"column":27},"end":{"line":11,"column":null}},{"start":{"line":11,"column":27},"end":{"line":11,"column":null}}]},"3":{"loc":{"start":{"line":11,"column":17},"end":{"line":11,"column":27}},"type":"binary-expr","locations":[{"start":{"line":11,"column":17},"end":{"line":11,"column":null}},{"start":{"line":11,"column":17},"end":{"line":11,"column":27}}]},"4":{"loc":{"start":{"line":11,"column":27},"end":{"line":12,"column":null}},"type":"cond-expr","locations":[{"start":{"line":12,"column":30},"end":{"line":12,"column":null}},{"start":{"line":12,"column":30},"end":{"line":12,"column":null}}]},"5":{"loc":{"start":{"line":11,"column":27},"end":{"line":12,"column":30}},"type":"binary-expr","locations":[{"start":{"line":11,"column":27},"end":{"line":12,"column":null}},{"start":{"line":12,"column":17},"end":{"line":12,"column":30}}]}},"s":{"0":1,"1":1,"2":1,"3":1,"4":0,"5":0,"6":0,"7":0,"8":0,"9":0,"10":0,"11":0,"12":0,"13":0,"14":1,"15":1},"f":{"0":0,"1":0},"b":{"0":[0,0],"1":[0,0],"2":[1,0],"3":[1,1],"4":[1,0],"5":[1,1]}}
,"/home/andres/Proyectos/diego-ferreira-platform/apps/api/src/calendar/calendar.controller.ts": {"path":"/home/andres/Proyectos/diego-ferreira-platform/apps/api/src/calendar/calendar.controller.ts","statementMap":{"0":{"start":{"line":1,"column":0},"end":{"line":1,"column":61}},"1":{"start":{"line":2,"column":0},"end":{"line":2,"column":53}},"2":{"start":{"line":14,"column":7},"end":{"line":28,"column":null}},"3":{"start":{"line":15,"column":22},"end":{"line":15,"column":27}},"4":{"start":{"line":20,"column":4},"end":{"line":20,"column":38}},"5":{"start":{"line":26,"column":4},"end":{"line":26,"column":37}},"6":{"start":{"line":14,"column":13},"end":{"line":14,"column":31}},"7":{"start":{"line":19,"column":2},"end":{"line":21,"column":null}},"8":{"start":{"line":25,"column":2},"end":{"line":27,"column":null}},"9":{"start":{"line":14,"column":13},"end":{"line":28,"column":null}}},"fnMap":{"0":{"name":"(anonymous_4)","decl":{"start":{"line":15,"column":2},"end":{"line":15,"column":22}},"loc":{"start":{"line":15,"column":42},"end":{"line":15,"column":46}}},"1":{"name":"(anonymous_5)","decl":{"start":{"line":19,"column":2},"end":{"line":19,"column":17}},"loc":{"start":{"line":19,"column":17},"end":{"line":21,"column":3}}},"2":{"name":"(anonymous_6)","decl":{"start":{"line":25,"column":2},"end":{"line":25,"column":13}},"loc":{"start":{"line":25,"column":41},"end":{"line":27,"column":3}}}},"branchMap":{"0":{"loc":{"start":{"line":15,"column":27},"end":{"line":15,"column":45}},"type":"cond-expr","locations":[{"start":{"line":15,"column":42},"end":{"line":15,"column":45}},{"start":{"line":15,"column":42},"end":{"line":15,"column":45}}]},"1":{"loc":{"start":{"line":15,"column":27},"end":{"line":15,"column":42}},"type":"binary-expr","locations":[{"start":{"line":15,"column":27},"end":{"line":15,"column":45}},{"start":{"line":15,"column":27},"end":{"line":15,"column":42}}]}},"s":{"0":0,"1":0,"2":0,"3":0,"4":0,"5":0,"6":0,"7":0,"8":0,"9":0},"f":{"0":0,"1":0,"2":0},"b":{"0":[0,0],"1":[0,0]}}
,"/home/andres/Proyectos/diego-ferreira-platform/apps/api/src/calendar/calendar.module.ts": {"path":"/home/andres/Proyectos/diego-ferreira-platform/apps/api/src/calendar/calendar.module.ts","statementMap":{"0":{"start":{"line":1,"column":0},"end":{"line":1,"column":46}},"1":{"start":{"line":2,"column":0},"end":{"line":2,"column":46}},"2":{"start":{"line":3,"column":0},"end":{"line":3,"column":59}},"3":{"start":{"line":4,"column":0},"end":{"line":4,"column":56}},"4":{"start":{"line":5,"column":0},"end":{"line":5,"column":61}},"5":{"start":{"line":13,"column":7},"end":{"line":13,"column":null}},"6":{"start":{"line":13,"column":13},"end":{"line":13,"column":27}},"7":{"start":{"line":13,"column":13},"end":{"line":13,"column":null}}},"fnMap":{},"branchMap":{},"s":{"0":0,"1":0,"2":0,"3":0,"4":0,"5":0,"6":0,"7":0},"f":{},"b":{}}
,"/home/andres/Proyectos/diego-ferreira-platform/apps/api/src/calendar/calendar.service.ts": {"path":"/home/andres/Proyectos/diego-ferreira-platform/apps/api/src/calendar/calendar.service.ts","statementMap":{"0":{"start":{"line":1,"column":0},"end":{"line":1,"column":44}},"1":{"start":{"line":2,"column":0},"end":{"line":2,"column":47}},"2":{"start":{"line":3,"column":0},"end":{"line":3,"column":36}},"3":{"start":{"line":4,"column":0},"end":{"line":4,"column":57}},"4":{"start":{"line":7,"column":7},"end":{"line":130,"column":null}},"5":{"start":{"line":9,"column":12},"end":{"line":9,"column":17}},"6":{"start":{"line":10,"column":12},"end":{"line":10,"column":20}},"7":{"start":{"line":14,"column":17},"end":{"line":16,"column":null}},"8":{"start":{"line":18,"column":4},"end":{"line":20,"column":7}},"9":{"start":{"line":21,"column":4},"end":{"line":21,"column":52}},"10":{"start":{"line":25,"column":25},"end":{"line":25,"column":65}},"11":{"start":{"line":26,"column":25},"end":{"line":26,"column":69}},"12":{"start":{"line":27,"column":25},"end":{"line":27,"column":69}},"13":{"start":{"line":28,"column":25},"end":{"line":28,"column":67}},"14":{"start":{"line":30,"column":4},"end":{"line":33,"column":5}},"15":{"start":{"line":31,"column":6},"end":{"line":31,"column":90}},"16":{"start":{"line":32,"column":6},"end":{"line":32,"column":48}},"17":{"start":{"line":35,"column":4},"end":{"line":73,"column":5}},"18":{"start":{"line":36,"column":18},"end":{"line":36,"column":34}},"19":{"start":{"line":37,"column":18},"end":{"line":37,"column":28}},"20":{"start":{"line":38,"column":18},"end":{"line":38,"column":68}},"21":{"start":{"line":40,"column":27},"end":{"line":57,"column":8}},"22":{"start":{"line":59,"column":23},"end":{"line":64,"column":8}},"23":{"start":{"line":59,"column":36},"end":{"line":64,"column":8}},"24":{"start":{"line":66,"column":6},"end":{"line":69,"column":8}},"25":{"start":{"line":71,"column":6},"end":{"line":71,"column":90}},"26":{"start":{"line":72,"column":6},"end":{"line":72,"column":48}},"27":{"start":{"line":85,"column":14},"end":{"line":85,"column":30}},"28":{"start":{"line":87,"column":16},"end":{"line":107,"column":4}},"29":{"start":{"line":97,"column":45},"end":{"line":99,"column":8}},"30":{"start":{"line":111,"column":4},"end":{"line":113,"column":18}},"31":{"start":{"line":112,"column":11},"end":{"line":112,"column":39}},"32":{"start":{"line":117,"column":2},"end":{"line":122,"column":3}},"33":{"start":{"line":118,"column":4},"end":{"line":121,"column":null}},"34":{"start":{"line":124,"column":2},"end":{"line":128,"column":null}},"35":{"start":{"line":7,"column":13},"end":{"line":7,"column":28}},"36":{"start":{"line":7,"column":13},"end":{"line":130,"column":null}}},"fnMap":{"0":{"name":"(anonymous_2)","decl":{"start":{"line":8,"column":2},"end":{"line":8,"column":null}},"loc":{"start":{"line":10,"column":33},"end":{"line":11,"column":6}}},"1":{"name":"(anonymous_3)","decl":{"start":{"line":13,"column":10},"end":{"line":13,"column":19}},"loc":{"start":{"line":13,"column":19},"end":{"line":22,"column":3}}},"2":{"name":"(anonymous_4)","decl":{"start":{"line":24,"column":2},"end":{"line":24,"column":7}},"loc":{"start":{"line":24,"column":23},"end":{"line":74,"column":3}}},"3":{"name":"(anonymous_5)","decl":{"start":{"line":59,"column":23},"end":{"line":59,"column":24}},"loc":{"start":{"line":59,"column":36},"end":{"line":64,"column":8}}},"4":{"name":"(anonymous_6)","decl":{"start":{"line":76,"column":2},"end":{"line":76,"column":7}},"loc":{"start":{"line":84,"column":3},"end":{"line":129,"column":1}}},"5":{"name":"(anonymous_7)","decl":{"start":{"line":97,"column":39},"end":{"line":97,"column":40}},"loc":{"start":{"line":97,"column":45},"end":{"line":99,"column":8}}},"6":{"name":"(anonymous_8)","decl":{"start":{"line":112,"column":6},"end":{"line":112,"column":7}},"loc":{"start":{"line":112,"column":11},"end":{"line":112,"column":39}}}},"branchMap":{"0":{"loc":{"start":{"line":30,"column":4},"end":{"line":33,"column":5}},"type":"if","locations":[{"start":{"line":30,"column":4},"end":{"line":33,"column":5}},{"start":{},"end":{}}]},"1":{"loc":{"start":{"line":30,"column":8},"end":{"line":30,"column":66}},"type":"binary-expr","locations":[{"start":{"line":30,"column":8},"end":{"line":30,"column":17}},{"start":{"line":30,"column":21},"end":{"line":30,"column":34}},{"start":{"line":30,"column":38},"end":{"line":30,"column":51}},{"start":{"line":30,"column":55},"end":{"line":30,"column":66}}]},"2":{"loc":{"start":{"line":62,"column":15},"end":{"line":62,"column":49}},"type":"binary-expr","locations":[{"start":{"line":62,"column":15},"end":{"line":62,"column":32}},{"start":{"line":62,"column":36},"end":{"line":62,"column":49}}]},"3":{"loc":{"start":{"line":63,"column":15},"end":{"line":63,"column":47}},"type":"binary-expr","locations":[{"start":{"line":63,"column":15},"end":{"line":63,"column":30}},{"start":{"line":63,"column":36},"end":{"line":63,"column":47}}]},"4":{"loc":{"start":{"line":67,"column":25},"end":{"line":67,"column":46}},"type":"binary-expr","locations":[{"start":{"line":67,"column":25},"end":{"line":67,"column":40}},{"start":{"line":67,"column":44},"end":{"line":67,"column":46}}]},"5":{"loc":{"start":{"line":68,"column":25},"end":{"line":68,"column":46}},"type":"binary-expr","locations":[{"start":{"line":68,"column":25},"end":{"line":68,"column":40}},{"start":{"line":68,"column":44},"end":{"line":68,"column":46}}]},"6":{"loc":{"start":{"line":92,"column":25},"end":{"line":93,"column":37}},"type":"cond-expr","locations":[{"start":{"line":93,"column":10},"end":{"line":93,"column":24}},{"start":{"line":93,"column":27},"end":{"line":93,"column":37}}]},"7":{"loc":{"start":{"line":111,"column":4},"end":{"line":113,"column":18}},"type":"binary-expr","locations":[{"start":{"line":111,"column":4},"end":{"line":113,"column":10}},{"start":{"line":113,"column":14},"end":{"line":113,"column":18}}]},"8":{"loc":{"start":{"line":117,"column":2},"end":{"line":122,"column":3}},"type":"if","locations":[{"start":{"line":117,"column":2},"end":{"line":122,"column":3}},{"start":{},"end":{}}]},"9":{"loc":{"start":{"line":117,"column":6},"end":{"line":117,"column":35}},"type":"binary-expr","locations":[{"start":{"line":117,"column":6},"end":{"line":117,"column":23}},{"start":{"line":117,"column":27},"end":{"line":117,"column":35}}]},"10":{"loc":{"start":{"line":9,"column":17},"end":{"line":9,"column":null}},"type":"cond-expr","locations":[{"start":{"line":9,"column":30},"end":{"line":9,"column":null}},{"start":{"line":9,"column":30},"end":{"line":9,"column":null}}]},"11":{"loc":{"start":{"line":9,"column":17},"end":{"line":9,"column":30}},"type":"binary-expr","locations":[{"start":{"line":9,"column":17},"end":{"line":9,"column":null}},{"start":{"line":9,"column":17},"end":{"line":9,"column":30}}]},"12":{"loc":{"start":{"line":9,"column":30},"end":{"line":10,"column":null}},"type":"cond-expr","locations":[{"start":{"line":10,"column":33},"end":{"line":10,"column":null}},{"start":{"line":10,"column":33},"end":{"line":10,"column":null}}]},"13":{"loc":{"start":{"line":9,"column":30},"end":{"line":10,"column":33}},"type":"binary-expr","locations":[{"start":{"line":9,"column":30},"end":{"line":10,"column":null}},{"start":{"line":10,"column":20},"end":{"line":10,"column":33}}]}},"s":{"0":1,"1":1,"2":1,"3":1,"4":1,"5":7,"6":7,"7":4,"8":4,"9":4,"10":3,"11":3,"12":3,"13":3,"14":3,"15":1,"16":1,"17":2,"18":2,"19":2,"20":2,"21":2,"22":2,"23":2,"24":2,"25":0,"26":0,"27":2,"28":2,"29":2,"30":1,"31":1,"32":1,"33":0,"34":1,"35":1,"36":1},"f":{"0":7,"1":4,"2":3,"3":2,"4":2,"5":2,"6":1},"b":{"0":[1,2],"1":[3,2,2,2],"2":[2,0],"3":[2,0],"4":[2,0],"5":[2,0],"6":[2,0],"7":[1,0],"8":[0,1],"9":[1,0],"10":[1,0],"11":[1,1],"12":[1,0],"13":[1,1]}}
,"/home/andres/Proyectos/diego-ferreira-platform/apps/api/src/cms/cms.controller.ts": {"path":"/home/andres/Proyectos/diego-ferreira-platform/apps/api/src/cms/cms.controller.ts","statementMap":{"0":{"start":{"line":1,"column":0},"end":{"line":1,"column":56}},"1":{"start":{"line":2,"column":0},"end":{"line":2,"column":43}},"2":{"start":{"line":5,"column":7},"end":{"line":17,"column":null}},"3":{"start":{"line":6,"column":22},"end":{"line":6,"column":27}},"4":{"start":{"line":8,"column":55},"end":{"line":8,"column":85}},"5":{"start":{"line":9,"column":68},"end":{"line":9,"column":101}},"6":{"start":{"line":11,"column":55},"end":{"line":11,"column":86}},"7":{"start":{"line":12,"column":69},"end":{"line":12,"column":103}},"8":{"start":{"line":14,"column":55},"end":{"line":14,"column":84}},"9":{"start":{"line":15,"column":55},"end":{"line":15,"column":83}},"10":{"start":{"line":16,"column":55},"end":{"line":16,"column":85}},"11":{"start":{"line":5,"column":13},"end":{"line":5,"column":26}},"12":{"start":{"line":8,"column":26},"end":{"line":8,"column":null}},"13":{"start":{"line":9,"column":26},"end":{"line":9,"column":null}},"14":{"start":{"line":11,"column":26},"end":{"line":11,"column":null}},"15":{"start":{"line":12,"column":26},"end":{"line":12,"column":null}},"16":{"start":{"line":14,"column":26},"end":{"line":14,"column":null}},"17":{"start":{"line":15,"column":26},"end":{"line":15,"column":null}},"18":{"start":{"line":16,"column":26},"end":{"line":16,"column":null}},"19":{"start":{"line":5,"column":13},"end":{"line":17,"column":null}}},"fnMap":{"0":{"name":"(anonymous_4)","decl":{"start":{"line":6,"column":2},"end":{"line":6,"column":22}},"loc":{"start":{"line":6,"column":37},"end":{"line":6,"column":41}}},"1":{"name":"(anonymous_5)","decl":{"start":{"line":8,"column":26},"end":{"line":8,"column":37}},"loc":{"start":{"line":8,"column":37},"end":{"line":8,"column":87}}},"2":{"name":"(anonymous_6)","decl":{"start":{"line":9,"column":26},"end":{"line":9,"column":36}},"loc":{"start":{"line":9,"column":64},"end":{"line":9,"column":103}}},"3":{"name":"(anonymous_7)","decl":{"start":{"line":11,"column":26},"end":{"line":11,"column":38}},"loc":{"start":{"line":11,"column":38},"end":{"line":11,"column":88}}},"4":{"name":"(anonymous_8)","decl":{"start":{"line":12,"column":26},"end":{"line":12,"column":37}},"loc":{"start":{"line":12,"column":65},"end":{"line":12,"column":105}}},"5":{"name":"(anonymous_9)","decl":{"start":{"line":14,"column":26},"end":{"line":14,"column":36}},"loc":{"start":{"line":14,"column":36},"end":{"line":14,"column":86}}},"6":{"name":"(anonymous_10)","decl":{"start":{"line":15,"column":26},"end":{"line":15,"column":35}},"loc":{"start":{"line":15,"column":35},"end":{"line":15,"column":85}}},"7":{"name":"(anonymous_11)","decl":{"start":{"line":16,"column":26},"end":{"line":16,"column":37}},"loc":{"start":{"line":16,"column":37},"end":{"line":16,"column":87}}}},"branchMap":{"0":{"loc":{"start":{"line":6,"column":27},"end":{"line":6,"column":40}},"type":"cond-expr","locations":[{"start":{"line":6,"column":37},"end":{"line":6,"column":40}},{"start":{"line":6,"column":37},"end":{"line":6,"column":40}}]},"1":{"loc":{"start":{"line":6,"column":27},"end":{"line":6,"column":37}},"type":"binary-expr","locations":[{"start":{"line":6,"column":27},"end":{"line":6,"column":40}},{"start":{"line":6,"column":27},"end":{"line":6,"column":37}}]}},"s":{"0":0,"1":0,"2":0,"3":0,"4":0,"5":0,"6":0,"7":0,"8":0,"9":0,"10":0,"11":0,"12":0,"13":0,"14":0,"15":0,"16":0,"17":0,"18":0,"19":0},"f":{"0":0,"1":0,"2":0,"3":0,"4":0,"5":0,"6":0,"7":0},"b":{"0":[0,0],"1":[0,0]}}
,"/home/andres/Proyectos/diego-ferreira-platform/apps/api/src/cms/cms.module.ts": {"path":"/home/andres/Proyectos/diego-ferreira-platform/apps/api/src/cms/cms.module.ts","statementMap":{"0":{"start":{"line":1,"column":0},"end":{"line":1,"column":40}},"1":{"start":{"line":2,"column":0},"end":{"line":2,"column":49}},"2":{"start":{"line":3,"column":0},"end":{"line":3,"column":43}},"3":{"start":{"line":9,"column":7},"end":{"line":9,"column":null}},"4":{"start":{"line":9,"column":13},"end":{"line":9,"column":22}},"5":{"start":{"line":9,"column":13},"end":{"line":9,"column":null}}},"fnMap":{},"branchMap":{},"s":{"0":0,"1":0,"2":0,"3":0,"4":0,"5":0},"f":{},"b":{}}
,"/home/andres/Proyectos/diego-ferreira-platform/apps/api/src/cms/cms.service.ts": {"path":"/home/andres/Proyectos/diego-ferreira-platform/apps/api/src/cms/cms.service.ts","statementMap":{"0":{"start":{"line":1,"column":0},"end":{"line":1,"column":63}},"1":{"start":{"line":2,"column":0},"end":{"line":2,"column":28}},"2":{"start":{"line":3,"column":0},"end":{"line":3,"column":34}},"3":{"start":{"line":6,"column":7},"end":{"line":35,"column":null}},"4":{"start":{"line":8,"column":4},"end":{"line":13,"column":5}},"5":{"start":{"line":9,"column":18},"end":{"line":9,"column":70}},"6":{"start":{"line":10,"column":6},"end":{"line":10,"column":36}},"7":{"start":{"line":12,"column":6},"end":{"line":12,"column":16}},"8":{"start":{"line":16,"column":18},"end":{"line":16,"column":52}},"9":{"start":{"line":18,"column":18},"end":{"line":18,"column":64}},"10":{"start":{"line":19,"column":17},"end":{"line":19,"column":56}},"11":{"start":{"line":19,"column":40},"end":{"line":19,"column":55}},"12":{"start":{"line":20,"column":4},"end":{"line":20,"column":78}},"13":{"start":{"line":20,"column":15},"end":{"line":20,"column":78}},"14":{"start":{"line":21,"column":4},"end":{"line":21,"column":16}},"15":{"start":{"line":24,"column":19},"end":{"line":24,"column":54}},"16":{"start":{"line":26,"column":18},"end":{"line":26,"column":65}},"17":{"start":{"line":27,"column":17},"end":{"line":27,"column":56}},"18":{"start":{"line":27,"column":40},"end":{"line":27,"column":55}},"19":{"start":{"line":28,"column":4},"end":{"line":28,"column":79}},"20":{"start":{"line":28,"column":15},"end":{"line":28,"column":79}},"21":{"start":{"line":29,"column":4},"end":{"line":29,"column":16}},"22":{"start":{"line":32,"column":18},"end":{"line":32,"column":51}},"23":{"start":{"line":33,"column":18},"end":{"line":33,"column":50}},"24":{"start":{"line":34,"column":18},"end":{"line":34,"column":52}},"25":{"start":{"line":6,"column":13},"end":{"line":6,"column":23}},"26":{"start":{"line":6,"column":13},"end":{"line":35,"column":null}}},"fnMap":{"0":{"name":"(anonymous_1)","decl":{"start":{"line":7,"column":10},"end":{"line":7,"column":14}},"loc":{"start":{"line":7,"column":30},"end":{"line":14,"column":3}}},"1":{"name":"(anonymous_2)","decl":{"start":{"line":16,"column":2},"end":{"line":16,"column":13}},"loc":{"start":{"line":16,"column":13},"end":{"line":16,"column":54}}},"2":{"name":"(anonymous_3)","decl":{"start":{"line":17,"column":2},"end":{"line":17,"column":12}},"loc":{"start":{"line":17,"column":25},"end":{"line":22,"column":3}}},"3":{"name":"(anonymous_4)","decl":{"start":{"line":19,"column":28},"end":{"line":19,"column":29}},"loc":{"start":{"line":19,"column":40},"end":{"line":19,"column":55}}},"4":{"name":"(anonymous_5)","decl":{"start":{"line":24,"column":2},"end":{"line":24,"column":14}},"loc":{"start":{"line":24,"column":14},"end":{"line":24,"column":56}}},"5":{"name":"(anonymous_6)","decl":{"start":{"line":25,"column":2},"end":{"line":25,"column":13}},"loc":{"start":{"line":25,"column":26},"end":{"line":30,"column":3}}},"6":{"name":"(anonymous_7)","decl":{"start":{"line":27,"column":28},"end":{"line":27,"column":29}},"loc":{"start":{"line":27,"column":40},"end":{"line":27,"column":55}}},"7":{"name":"(anonymous_8)","decl":{"start":{"line":32,"column":2},"end":{"line":32,"column":12}},"loc":{"start":{"line":32,"column":12},"end":{"line":32,"column":53}}},"8":{"name":"(anonymous_9)","decl":{"start":{"line":33,"column":2},"end":{"line":33,"column":11}},"loc":{"start":{"line":33,"column":11},"end":{"line":33,"column":52}}},"9":{"name":"(anonymous_10)","decl":{"start":{"line":34,"column":2},"end":{"line":34,"column":13}},"loc":{"start":{"line":34,"column":13},"end":{"line":34,"column":54}}}},"branchMap":{"0":{"loc":{"start":{"line":20,"column":4},"end":{"line":20,"column":78}},"type":"if","locations":[{"start":{"line":20,"column":4},"end":{"line":20,"column":78}},{"start":{},"end":{}}]},"1":{"loc":{"start":{"line":28,"column":4},"end":{"line":28,"column":79}},"type":"if","locations":[{"start":{"line":28,"column":4},"end":{"line":28,"column":79}},{"start":{},"end":{}}]}},"s":{"0":0,"1":0,"2":0,"3":0,"4":0,"5":0,"6":0,"7":0,"8":0,"9":0,"10":0,"11":0,"12":0,"13":0,"14":0,"15":0,"16":0,"17":0,"18":0,"19":0,"20":0,"21":0,"22":0,"23":0,"24":0,"25":0,"26":0},"f":{"0":0,"1":0,"2":0,"3":0,"4":0,"5":0,"6":0,"7":0,"8":0,"9":0},"b":{"0":[0,0],"1":[0,0]}}
,"/home/andres/Proyectos/diego-ferreira-platform/apps/api/src/email/email.module.ts": {"path":"/home/andres/Proyectos/diego-ferreira-platform/apps/api/src/email/email.module.ts","statementMap":{"0":{"start":{"line":1,"column":0},"end":{"line":1,"column":46}},"1":{"start":{"line":2,"column":0},"end":{"line":2,"column":46}},"2":{"start":{"line":3,"column":0},"end":{"line":3,"column":47}},"3":{"start":{"line":10,"column":7},"end":{"line":10,"column":null}},"4":{"start":{"line":10,"column":13},"end":{"line":10,"column":24}},"5":{"start":{"line":10,"column":13},"end":{"line":10,"column":null}}},"fnMap":{},"branchMap":{},"s":{"0":0,"1":0,"2":0,"3":0,"4":0,"5":0},"f":{},"b":{}}
,"/home/andres/Proyectos/diego-ferreira-platform/apps/api/src/email/email.service.ts": {"path":"/home/andres/Proyectos/diego-ferreira-platform/apps/api/src/email/email.service.ts","statementMap":{"0":{"start":{"line":1,"column":0},"end":{"line":1,"column":44}},"1":{"start":{"line":2,"column":0},"end":{"line":2,"column":47}},"2":{"start":{"line":3,"column":0},"end":{"line":3,"column":32}},"3":{"start":{"line":8,"column":13},"end":{"line":8,"column":56}},"4":{"start":{"line":9,"column":2},"end":{"line":27,"column":14}},"5":{"start":{"line":31,"column":2},"end":{"line":79,"column":9}},"6":{"start":{"line":85,"column":7},"end":{"line":294,"column":null}},"7":{"start":{"line":86,"column":35},"end":{"line":86,"column":39}},"8":{"start":{"line":87,"column":17},"end":{"line":87,"column":61}},"9":{"start":{"line":89,"column":22},"end":{"line":89,"column":27}},"10":{"start":{"line":93,"column":4},"end":{"line":96,"column":5}},"11":{"start":{"line":94,"column":18},"end":{"line":94,"column":76}},"12":{"start":{"line":95,"column":6},"end":{"line":95,"column":37}},"13":{"start":{"line":97,"column":4},"end":{"line":97,"column":24}},"14":{"start":{"line":108,"column":26},"end":{"line":108,"column":53}},"15":{"start":{"line":109,"column":18},"end":{"line":111,"column":43}},"16":{"start":{"line":112,"column":21},"end":{"line":112,"column":60}},"17":{"start":{"line":114,"column":20},"end":{"line":134,"column":57}},"18":{"start":{"line":136,"column":4},"end":{"line":141,"column":7}},"19":{"start":{"line":154,"column":25},"end":{"line":158,"column":10}},"20":{"start":{"line":160,"column":20},"end":{"line":181,"column":48}},"21":{"start":{"line":183,"column":4},"end":{"line":188,"column":7}},"22":{"start":{"line":201,"column":19},"end":{"line":201,"column":54}},"23":{"start":{"line":202,"column":20},"end":{"line":204,"column":37}},"24":{"start":{"line":205,"column":20},"end":{"line":207,"column":68}},"25":{"start":{"line":209,"column":20},"end":{"line":223,"column":12}},"26":{"start":{"line":225,"column":4},"end":{"line":230,"column":7}},"27":{"start":{"line":241,"column":25},"end":{"line":243,"column":49}},"28":{"start":{"line":245,"column":20},"end":{"line":262,"column":12}},"29":{"start":{"line":264,"column":4},"end":{"line":269,"column":7}},"30":{"start":{"line":278,"column":20},"end":{"line":285,"column":12}},"31":{"start":{"line":287,"column":4},"end":{"line":292,"column":7}},"32":{"start":{"line":85,"column":13},"end":{"line":85,"column":25}},"33":{"start":{"line":85,"column":13},"end":{"line":294,"column":null}}},"fnMap":{"0":{"name":"btn","decl":{"start":{"line":7,"column":9},"end":{"line":7,"column":12}},"loc":{"start":{"line":7,"column":57},"end":{"line":28,"column":1}}},"1":{"name":"baseTemplate","decl":{"start":{"line":30,"column":9},"end":{"line":30,"column":21}},"loc":{"start":{"line":30,"column":37},"end":{"line":80,"column":1}}},"2":{"name":"(anonymous_4)","decl":{"start":{"line":89,"column":2},"end":{"line":89,"column":22}},"loc":{"start":{"line":89,"column":40},"end":{"line":89,"column":44}}},"3":{"name":"(anonymous_5)","decl":{"start":{"line":92,"column":2},"end":{"line":92,"column":14}},"loc":{"start":{"line":92,"column":20},"end":{"line":98,"column":3}}},"4":{"name":"(anonymous_6)","decl":{"start":{"line":102,"column":2},"end":{"line":102,"column":7}},"loc":{"start":{"line":107,"column":3},"end":{"line":142,"column":3}}},"5":{"name":"(anonymous_7)","decl":{"start":{"line":146,"column":2},"end":{"line":146,"column":7}},"loc":{"start":{"line":153,"column":3},"end":{"line":189,"column":3}}},"6":{"name":"(anonymous_8)","decl":{"start":{"line":193,"column":2},"end":{"line":193,"column":7}},"loc":{"start":{"line":200,"column":3},"end":{"line":231,"column":3}}},"7":{"name":"(anonymous_9)","decl":{"start":{"line":235,"column":2},"end":{"line":235,"column":7}},"loc":{"start":{"line":240,"column":3},"end":{"line":270,"column":3}}},"8":{"name":"(anonymous_10)","decl":{"start":{"line":274,"column":2},"end":{"line":274,"column":7}},"loc":{"start":{"line":274,"column":57},"end":{"line":293,"column":3}}}},"branchMap":{"0":{"loc":{"start":{"line":7,"column":40},"end":{"line":7,"column":57}},"type":"default-arg","locations":[{"start":{"line":7,"column":48},"end":{"line":7,"column":57}}]},"1":{"loc":{"start":{"line":8,"column":13},"end":{"line":8,"column":56}},"type":"cond-expr","locations":[{"start":{"line":8,"column":35},"end":{"line":8,"column":44}},{"start":{"line":8,"column":47},"end":{"line":8,"column":56}}]},"2":{"loc":{"start":{"line":93,"column":4},"end":{"line":96,"column":5}},"type":"if","locations":[{"start":{"line":93,"column":4},"end":{"line":96,"column":5}},{"start":{},"end":{}}]},"3":{"loc":{"start":{"line":94,"column":18},"end":{"line":94,"column":76}},"type":"binary-expr","locations":[{"start":{"line":94,"column":18},"end":{"line":94,"column":56}},{"start":{"line":94,"column":60},"end":{"line":94,"column":76}}]},"4":{"loc":{"start":{"line":109,"column":18},"end":{"line":111,"column":43}},"type":"cond-expr","locations":[{"start":{"line":110,"column":8},"end":{"line":110,"column":44}},{"start":{"line":111,"column":8},"end":{"line":111,"column":43}}]},"5":{"loc":{"start":{"line":112,"column":21},"end":{"line":112,"column":60}},"type":"binary-expr","locations":[{"start":{"line":112,"column":21},"end":{"line":112,"column":54}},{"start":{"line":112,"column":58},"end":{"line":112,"column":60}}]},"6":{"loc":{"start":{"line":154,"column":25},"end":{"line":158,"column":10}},"type":"cond-expr","locations":[{"start":{"line":155,"column":8},"end":{"line":157,"column":null}},{"start":{"line":158,"column":8},"end":{"line":158,"column":10}}]},"7":{"loc":{"start":{"line":201,"column":19},"end":{"line":201,"column":54}},"type":"binary-expr","locations":[{"start":{"line":201,"column":19},"end":{"line":201,"column":32}},{"start":{"line":201,"column":36},"end":{"line":201,"column":48}},{"start":{"line":201,"column":52},"end":{"line":201,"column":54}}]},"8":{"loc":{"start":{"line":202,"column":20},"end":{"line":204,"column":37}},"type":"cond-expr","locations":[{"start":{"line":203,"column":8},"end":{"line":203,"column":37}},{"start":{"line":204,"column":8},"end":{"line":204,"column":37}}]},"9":{"loc":{"start":{"line":205,"column":20},"end":{"line":207,"column":68}},"type":"cond-expr","locations":[{"start":{"line":206,"column":8},"end":{"line":206,"column":57}},{"start":{"line":207,"column":8},"end":{"line":207,"column":68}}]},"10":{"loc":{"start":{"line":241,"column":25},"end":{"line":243,"column":49}},"type":"cond-expr","locations":[{"start":{"line":242,"column":8},"end":{"line":242,"column":84}},{"start":{"line":243,"column":8},"end":{"line":243,"column":49}}]},"11":{"loc":{"start":{"line":89,"column":27},"end":{"line":89,"column":43}},"type":"cond-expr","locations":[{"start":{"line":89,"column":40},"end":{"line":89,"column":43}},{"start":{"line":89,"column":40},"end":{"line":89,"column":43}}]},"12":{"loc":{"start":{"line":89,"column":27},"end":{"line":89,"column":40}},"type":"binary-expr","locations":[{"start":{"line":89,"column":27},"end":{"line":89,"column":43}},{"start":{"line":89,"column":27},"end":{"line":89,"column":40}}]}},"s":{"0":4,"1":4,"2":4,"3":6,"4":6,"5":7,"6":4,"7":7,"8":7,"9":7,"10":7,"11":7,"12":7,"13":7,"14":2,"15":2,"16":2,"17":2,"18":2,"19":1,"20":1,"21":1,"22":2,"23":2,"24":2,"25":2,"26":2,"27":1,"28":1,"29":1,"30":1,"31":1,"32":4,"33":4},"f":{"0":6,"1":7,"2":7,"3":7,"4":2,"5":1,"6":2,"7":1,"8":1},"b":{"0":[2],"1":[2,4],"2":[7,0],"3":[7,0],"4":[2,0],"5":[2,0],"6":[0,1],"7":[2,2,0],"8":[1,1],"9":[1,1],"10":[0,1],"11":[4,0],"12":[4,4]}}
,"/home/andres/Proyectos/diego-ferreira-platform/apps/api/src/health/health.controller.ts": {"path":"/home/andres/Proyectos/diego-ferreira-platform/apps/api/src/health/health.controller.ts","statementMap":{"0":{"start":{"line":1,"column":0},"end":{"line":1,"column":49}},"1":{"start":{"line":2,"column":0},"end":{"line":2,"column":57}},"2":{"start":{"line":5,"column":7},"end":{"line":34,"column":null}},"3":{"start":{"line":6,"column":22},"end":{"line":6,"column":30}},"4":{"start":{"line":10,"column":42},"end":{"line":10,"column":53}},"5":{"start":{"line":11,"column":42},"end":{"line":11,"column":53}},"6":{"start":{"line":13,"column":4},"end":{"line":17,"column":5}},"7":{"start":{"line":14,"column":6},"end":{"line":14,"column":44}},"8":{"start":{"line":16,"column":6},"end":{"line":16,"column":25}},"9":{"start":{"line":19,"column":4},"end":{"line":25,"column":5}},"10":{"start":{"line":20,"column":6},"end":{"line":22,"column":7}},"11":{"start":{"line":21,"column":8},"end":{"line":21,"column":39}},"12":{"start":{"line":24,"column":6},"end":{"line":24,"column":22}},"13":{"start":{"line":27,"column":4},"end":{"line":32,"column":6}},"14":{"start":{"line":5,"column":13},"end":{"line":5,"column":29}},"15":{"start":{"line":9,"column":8},"end":{"line":33,"column":null}},"16":{"start":{"line":5,"column":13},"end":{"line":34,"column":null}}},"fnMap":{"0":{"name":"(anonymous_2)","decl":{"start":{"line":6,"column":2},"end":{"line":6,"column":22}},"loc":{"start":{"line":6,"column":43},"end":{"line":6,"column":47}}},"1":{"name":"(anonymous_3)","decl":{"start":{"line":9,"column":8},"end":{"line":9,"column":13}},"loc":{"start":{"line":9,"column":13},"end":{"line":33,"column":3}}}},"branchMap":{"0":{"loc":{"start":{"line":20,"column":6},"end":{"line":22,"column":7}},"type":"if","locations":[{"start":{"line":20,"column":6},"end":{"line":22,"column":7}},{"start":{},"end":{}}]},"1":{"loc":{"start":{"line":6,"column":30},"end":{"line":6,"column":46}},"type":"cond-expr","locations":[{"start":{"line":6,"column":43},"end":{"line":6,"column":46}},{"start":{"line":6,"column":43},"end":{"line":6,"column":46}}]},"2":{"loc":{"start":{"line":6,"column":30},"end":{"line":6,"column":43}},"type":"binary-expr","locations":[{"start":{"line":6,"column":30},"end":{"line":6,"column":46}},{"start":{"line":6,"column":30},"end":{"line":6,"column":43}}]}},"s":{"0":0,"1":0,"2":0,"3":0,"4":0,"5":0,"6":0,"7":0,"8":0,"9":0,"10":0,"11":0,"12":0,"13":0,"14":0,"15":0,"16":0},"f":{"0":0,"1":0},"b":{"0":[0,0],"1":[0,0],"2":[0,0]}}
,"/home/andres/Proyectos/diego-ferreira-platform/apps/api/src/health/health.module.ts": {"path":"/home/andres/Proyectos/diego-ferreira-platform/apps/api/src/health/health.module.ts","statementMap":{"0":{"start":{"line":1,"column":0},"end":{"line":1,"column":40}},"1":{"start":{"line":2,"column":0},"end":{"line":2,"column":55}},"2":{"start":{"line":3,"column":0},"end":{"line":3,"column":55}},"3":{"start":{"line":9,"column":7},"end":{"line":9,"column":null}},"4":{"start":{"line":9,"column":13},"end":{"line":9,"column":25}},"5":{"start":{"line":9,"column":13},"end":{"line":9,"column":null}}},"fnMap":{},"branchMap":{},"s":{"0":0,"1":0,"2":0,"3":0,"4":0,"5":0},"f":{},"b":{}}
,"/home/andres/Proyectos/diego-ferreira-platform/apps/api/src/patients/patients.controller.ts": {"path":"/home/andres/Proyectos/diego-ferreira-platform/apps/api/src/patients/patients.controller.ts","statementMap":{"0":{"start":{"line":1,"column":0},"end":{"line":1,"column":null}},"1":{"start":{"line":5,"column":0},"end":{"line":5,"column":53}},"2":{"start":{"line":6,"column":0},"end":{"line":6,"column":52}},"3":{"start":{"line":9,"column":7},"end":{"line":48,"column":null}},"4":{"start":{"line":10,"column":22},"end":{"line":10,"column":27}},"5":{"start":{"line":16,"column":4},"end":{"line":16,"column":37}},"6":{"start":{"line":22,"column":4},"end":{"line":22,"column":34}},"7":{"start":{"line":29,"column":4},"end":{"line":29,"column":39}},"8":{"start":{"line":36,"column":4},"end":{"line":36,"column":38}},"9":{"start":{"line":46,"column":4},"end":{"line":46,"column":49}},"10":{"start":{"line":9,"column":13},"end":{"line":9,"column":31}},"11":{"start":{"line":15,"column":2},"end":{"line":17,"column":null}},"12":{"start":{"line":21,"column":2},"end":{"line":23,"column":null}},"13":{"start":{"line":28,"column":2},"end":{"line":30,"column":null}},"14":{"start":{"line":35,"column":2},"end":{"line":37,"column":null}},"15":{"start":{"line":42,"column":2},"end":{"line":47,"column":null}},"16":{"start":{"line":9,"column":13},"end":{"line":48,"column":null}}},"fnMap":{"0":{"name":"(anonymous_4)","decl":{"start":{"line":10,"column":2},"end":{"line":10,"column":22}},"loc":{"start":{"line":10,"column":42},"end":{"line":10,"column":46}}},"1":{"name":"(anonymous_5)","decl":{"start":{"line":15,"column":2},"end":{"line":15,"column":13}},"loc":{"start":{"line":15,"column":13},"end":{"line":17,"column":3}}},"2":{"name":"(anonymous_6)","decl":{"start":{"line":21,"column":2},"end":{"line":21,"column":8}},"loc":{"start":{"line":21,"column":38},"end":{"line":23,"column":3}}},"3":{"name":"(anonymous_7)","decl":{"start":{"line":28,"column":2},"end":{"line":28,"column":9}},"loc":{"start":{"line":28,"column":39},"end":{"line":30,"column":3}}},"4":{"name":"(anonymous_8)","decl":{"start":{"line":35,"column":2},"end":{"line":35,"column":14}},"loc":{"start":{"line":35,"column":31},"end":{"line":37,"column":3}}},"5":{"name":"(anonymous_9)","decl":{"start":{"line":42,"column":2},"end":{"line":42,"column":12}},"loc":{"start":{"line":44,"column":48},"end":{"line":47,"column":3}}}},"branchMap":{"0":{"loc":{"start":{"line":10,"column":27},"end":{"line":10,"column":45}},"type":"cond-expr","locations":[{"start":{"line":10,"column":42},"end":{"line":10,"column":45}},{"start":{"line":10,"column":42},"end":{"line":10,"column":45}}]},"1":{"loc":{"start":{"line":10,"column":27},"end":{"line":10,"column":42}},"type":"binary-expr","locations":[{"start":{"line":10,"column":27},"end":{"line":10,"column":45}},{"start":{"line":10,"column":27},"end":{"line":10,"column":42}}]}},"s":{"0":0,"1":0,"2":0,"3":0,"4":0,"5":0,"6":0,"7":0,"8":0,"9":0,"10":0,"11":0,"12":0,"13":0,"14":0,"15":0,"16":0},"f":{"0":0,"1":0,"2":0,"3":0,"4":0,"5":0},"b":{"0":[0,0],"1":[0,0]}}
,"/home/andres/Proyectos/diego-ferreira-platform/apps/api/src/patients/patients.module.ts": {"path":"/home/andres/Proyectos/diego-ferreira-platform/apps/api/src/patients/patients.module.ts","statementMap":{"0":{"start":{"line":1,"column":0},"end":{"line":1,"column":40}},"1":{"start":{"line":2,"column":0},"end":{"line":2,"column":59}},"2":{"start":{"line":3,"column":0},"end":{"line":3,"column":53}},"3":{"start":{"line":4,"column":0},"end":{"line":4,"column":55}},"4":{"start":{"line":5,"column":0},"end":{"line":5,"column":52}},"5":{"start":{"line":6,"column":0},"end":{"line":6,"column":49}},"6":{"start":{"line":14,"column":7},"end":{"line":14,"column":null}},"7":{"start":{"line":14,"column":13},"end":{"line":14,"column":27}},"8":{"start":{"line":14,"column":13},"end":{"line":14,"column":null}}},"fnMap":{},"branchMap":{},"s":{"0":0,"1":0,"2":0,"3":0,"4":0,"5":0,"6":0,"7":0,"8":0},"f":{},"b":{}}
,"/home/andres/Proyectos/diego-ferreira-platform/apps/api/src/patients/patients.service.ts": {"path":"/home/andres/Proyectos/diego-ferreira-platform/apps/api/src/patients/patients.service.ts","statementMap":{"0":{"start":{"line":1,"column":0},"end":{"line":1,"column":null}},"1":{"start":{"line":4,"column":0},"end":{"line":4,"column":58}},"2":{"start":{"line":5,"column":0},"end":{"line":5,"column":56}},"3":{"start":{"line":6,"column":0},"end":{"line":6,"column":48}},"4":{"start":{"line":7,"column":0},"end":{"line":7,"column":36}},"5":{"start":{"line":10,"column":7},"end":{"line":85,"column":null}},"6":{"start":{"line":12,"column":12},"end":{"line":12,"column":21}},"7":{"start":{"line":13,"column":12},"end":{"line":13,"column":21}},"8":{"start":{"line":14,"column":12},"end":{"line":14,"column":21}},"9":{"start":{"line":18,"column":14},"end":{"line":21,"column":6}},"10":{"start":{"line":22,"column":4},"end":{"line":22,"column":66}},"11":{"start":{"line":22,"column":12},"end":{"line":22,"column":66}},"12":{"start":{"line":23,"column":4},"end":{"line":23,"column":13}},"13":{"start":{"line":27,"column":14},"end":{"line":27,"column":64}},"14":{"start":{"line":28,"column":4},"end":{"line":28,"column":29}},"15":{"start":{"line":32,"column":4},"end":{"line":35,"column":7}},"16":{"start":{"line":42,"column":4},"end":{"line":42,"column":45}},"17":{"start":{"line":49,"column":20},"end":{"line":51,"column":6}},"18":{"start":{"line":52,"column":4},"end":{"line":52,"column":48}},"19":{"start":{"line":52,"column":18},"end":{"line":52,"column":48}},"20":{"start":{"line":54,"column":4},"end":{"line":57,"column":7}},"21":{"start":{"line":60,"column":18},"end":{"line":63,"column":null}},"22":{"start":{"line":66,"column":6},"end":{"line":66,"column":59}},"23":{"start":{"line":68,"column":4},"end":{"line":71,"column":7}},"24":{"start":{"line":73,"column":4},"end":{"line":73,"column":36}},"25":{"start":{"line":80,"column":4},"end":{"line":83,"column":7}},"26":{"start":{"line":10,"column":13},"end":{"line":10,"column":28}},"27":{"start":{"line":10,"column":13},"end":{"line":85,"column":null}}},"fnMap":{"0":{"name":"(anonymous_11)","decl":{"start":{"line":11,"column":2},"end":{"line":11,"column":null}},"loc":{"start":{"line":14,"column":34},"end":{"line":15,"column":6}}},"1":{"name":"(anonymous_12)","decl":{"start":{"line":17,"column":2},"end":{"line":17,"column":7}},"loc":{"start":{"line":17,"column":33},"end":{"line":24,"column":3}}},"2":{"name":"(anonymous_13)","decl":{"start":{"line":26,"column":2},"end":{"line":26,"column":7}},"loc":{"start":{"line":26,"column":28},"end":{"line":29,"column":3}}},"3":{"name":"(anonymous_14)","decl":{"start":{"line":31,"column":2},"end":{"line":31,"column":7}},"loc":{"start":{"line":31,"column":22},"end":{"line":36,"column":3}}},"4":{"name":"(anonymous_15)","decl":{"start":{"line":38,"column":2},"end":{"line":38,"column":7}},"loc":{"start":{"line":41,"column":3},"end":{"line":43,"column":3}}},"5":{"name":"(anonymous_16)","decl":{"start":{"line":45,"column":2},"end":{"line":45,"column":7}},"loc":{"start":{"line":48,"column":3},"end":{"line":74,"column":3}}},"6":{"name":"(anonymous_17)","decl":{"start":{"line":76,"column":2},"end":{"line":76,"column":7}},"loc":{"start":{"line":78,"column":40},"end":{"line":84,"column":3}}}},"branchMap":{"0":{"loc":{"start":{"line":22,"column":4},"end":{"line":22,"column":66}},"type":"if","locations":[{"start":{"line":22,"column":4},"end":{"line":22,"column":66}},{"start":{},"end":{}}]},"1":{"loc":{"start":{"line":52,"column":4},"end":{"line":52,"column":48}},"type":"if","locations":[{"start":{"line":52,"column":4},"end":{"line":52,"column":48}},{"start":{},"end":{}}]},"2":{"loc":{"start":{"line":12,"column":21},"end":{"line":12,"column":null}},"type":"cond-expr","locations":[{"start":{"line":12,"column":34},"end":{"line":12,"column":null}},{"start":{"line":12,"column":34},"end":{"line":12,"column":null}}]},"3":{"loc":{"start":{"line":12,"column":21},"end":{"line":12,"column":34}},"type":"binary-expr","locations":[{"start":{"line":12,"column":21},"end":{"line":12,"column":null}},{"start":{"line":12,"column":21},"end":{"line":12,"column":34}}]},"4":{"loc":{"start":{"line":12,"column":34},"end":{"line":13,"column":null}},"type":"cond-expr","locations":[{"start":{"line":13,"column":33},"end":{"line":13,"column":null}},{"start":{"line":13,"column":33},"end":{"line":13,"column":null}}]},"5":{"loc":{"start":{"line":12,"column":34},"end":{"line":13,"column":33}},"type":"binary-expr","locations":[{"start":{"line":12,"column":34},"end":{"line":13,"column":null}},{"start":{"line":13,"column":21},"end":{"line":13,"column":33}}]},"6":{"loc":{"start":{"line":13,"column":33},"end":{"line":14,"column":null}},"type":"cond-expr","locations":[{"start":{"line":14,"column":34},"end":{"line":14,"column":null}},{"start":{"line":14,"column":34},"end":{"line":14,"column":null}}]},"7":{"loc":{"start":{"line":13,"column":33},"end":{"line":14,"column":34}},"type":"binary-expr","locations":[{"start":{"line":13,"column":33},"end":{"line":14,"column":null}},{"start":{"line":14,"column":21},"end":{"line":14,"column":34}}]}},"s":{"0":1,"1":1,"2":1,"3":1,"4":1,"5":1,"6":8,"7":8,"8":8,"9":2,"10":2,"11":1,"12":1,"13":2,"14":2,"15":1,"16":0,"17":3,"18":3,"19":1,"20":2,"21":2,"22":2,"23":2,"24":2,"25":0,"26":1,"27":1},"f":{"0":8,"1":2,"2":2,"3":1,"4":0,"5":3,"6":0},"b":{"0":[1,1],"1":[1,2],"2":[1,0],"3":[1,1],"4":[1,0],"5":[1,1],"6":[1,0],"7":[1,1]}}
,"/home/andres/Proyectos/diego-ferreira-platform/apps/api/src/payments/payments.controller.ts": {"path":"/home/andres/Proyectos/diego-ferreira-platform/apps/api/src/payments/payments.controller.ts","statementMap":{"0":{"start":{"line":1,"column":0},"end":{"line":1,"column":null}},"1":{"start":{"line":5,"column":0},"end":{"line":5,"column":52}},"2":{"start":{"line":6,"column":0},"end":{"line":6,"column":48}},"3":{"start":{"line":7,"column":0},"end":{"line":7,"column":35}},"4":{"start":{"line":9,"column":17},"end":{"line":9,"column":45}},"5":{"start":{"line":12,"column":7},"end":{"line":57,"column":null}},"6":{"start":{"line":14,"column":12},"end":{"line":14,"column":22}},"7":{"start":{"line":15,"column":12},"end":{"line":15,"column":22}},"8":{"start":{"line":20,"column":4},"end":{"line":20,"column":null}},"9":{"start":{"line":20,"column":21},"end":{"line":20,"column":null}},"10":{"start":{"line":22,"column":4},"end":{"line":26,"column":5}},"11":{"start":{"line":23,"column":6},"end":{"line":23,"column":null}},"12":{"start":{"line":25,"column":6},"end":{"line":25,"column":null}},"13":{"start":{"line":27,"column":21},"end":{"line":27,"column":45}},"14":{"start":{"line":28,"column":21},"end":{"line":28,"column":46}},"15":{"start":{"line":29,"column":4},"end":{"line":29,"column":null}},"16":{"start":{"line":34,"column":4},"end":{"line":36,"column":5}},"17":{"start":{"line":35,"column":6},"end":{"line":35,"column":null}},"18":{"start":{"line":39,"column":4},"end":{"line":39,"column":null}},"19":{"start":{"line":44,"column":4},"end":{"line":44,"column":null}},"20":{"start":{"line":44,"column":16},"end":{"line":44,"column":null}},"21":{"start":{"line":45,"column":4},"end":{"line":45,"column":null}},"22":{"start":{"line":50,"column":4},"end":{"line":50,"column":null}},"23":{"start":{"line":55,"column":4},"end":{"line":55,"column":null}},"24":{"start":{"line":12,"column":13},"end":{"line":12,"column":31}},"25":{"start":{"line":19,"column":8},"end":{"line":30,"column":null}},"26":{"start":{"line":33,"column":8},"end":{"line":40,"column":null}},"27":{"start":{"line":43,"column":8},"end":{"line":46,"column":null}},"28":{"start":{"line":49,"column":2},"end":{"line":51,"column":null}},"29":{"start":{"line":54,"column":2},"end":{"line":56,"column":null}},"30":{"start":{"line":12,"column":13},"end":{"line":57,"column":null}}},"fnMap":{"0":{"name":"(anonymous_13)","decl":{"start":{"line":13,"column":2},"end":{"line":13,"column":null}},"loc":{"start":{"line":15,"column":35},"end":{"line":16,"column":6}}},"1":{"name":"(anonymous_14)","decl":{"start":{"line":19,"column":8},"end":{"line":19,"column":18}},"loc":{"start":{"line":19,"column":50},"end":{"line":30,"column":3}}},"2":{"name":"(anonymous_15)","decl":{"start":{"line":33,"column":8},"end":{"line":33,"column":28}},"loc":{"start":{"line":33,"column":77},"end":{"line":40,"column":3}}},"3":{"name":"(anonymous_16)","decl":{"start":{"line":43,"column":8},"end":{"line":43,"column":20}},"loc":{"start":{"line":43,"column":50},"end":{"line":46,"column":3}}},"4":{"name":"(anonymous_17)","decl":{"start":{"line":49,"column":2},"end":{"line":49,"column":9}},"loc":{"start":{"line":49,"column":27},"end":{"line":51,"column":3}}},"5":{"name":"(anonymous_18)","decl":{"start":{"line":54,"column":2},"end":{"line":54,"column":9}},"loc":{"start":{"line":54,"column":27},"end":{"line":56,"column":3}}}},"branchMap":{"0":{"loc":{"start":{"line":20,"column":4},"end":{"line":20,"column":null}},"type":"if","locations":[{"start":{"line":20,"column":4},"end":{"line":20,"column":null}},{"start":{},"end":{}}]},"1":{"loc":{"start":{"line":27,"column":21},"end":{"line":27,"column":45}},"type":"binary-expr","locations":[{"start":{"line":27,"column":21},"end":{"line":27,"column":35}},{"start":{"line":27,"column":41},"end":{"line":27,"column":45}}]},"2":{"loc":{"start":{"line":28,"column":21},"end":{"line":28,"column":46}},"type":"binary-expr","locations":[{"start":{"line":28,"column":21},"end":{"line":28,"column":37}},{"start":{"line":28,"column":41},"end":{"line":28,"column":46}}]},"3":{"loc":{"start":{"line":34,"column":4},"end":{"line":36,"column":5}},"type":"if","locations":[{"start":{"line":34,"column":4},"end":{"line":36,"column":5}},{"start":{},"end":{}}]},"4":{"loc":{"start":{"line":34,"column":8},"end":{"line":34,"column":49}},"type":"binary-expr","locations":[{"start":{"line":34,"column":8},"end":{"line":34,"column":19}},{"start":{"line":34,"column":23},"end":{"line":34,"column":49}}]},"5":{"loc":{"start":{"line":39,"column":59},"end":{"line":39,"column":84}},"type":"binary-expr","locations":[{"start":{"line":39,"column":59},"end":{"line":39,"column":78}},{"start":{"line":39,"column":82},"end":{"line":39,"column":84}}]},"6":{"loc":{"start":{"line":44,"column":4},"end":{"line":44,"column":null}},"type":"if","locations":[{"start":{"line":44,"column":4},"end":{"line":44,"column":null}},{"start":{},"end":{}}]},"7":{"loc":{"start":{"line":14,"column":22},"end":{"line":14,"column":null}},"type":"cond-expr","locations":[{"start":{"line":14,"column":37},"end":{"line":14,"column":null}},{"start":{"line":14,"column":37},"end":{"line":14,"column":null}}]},"8":{"loc":{"start":{"line":14,"column":22},"end":{"line":14,"column":37}},"type":"binary-expr","locations":[{"start":{"line":14,"column":22},"end":{"line":14,"column":null}},{"start":{"line":14,"column":22},"end":{"line":14,"column":37}}]},"9":{"loc":{"start":{"line":14,"column":37},"end":{"line":15,"column":null}},"type":"cond-expr","locations":[{"start":{"line":15,"column":35},"end":{"line":15,"column":null}},{"start":{"line":15,"column":35},"end":{"line":15,"column":null}}]},"10":{"loc":{"start":{"line":14,"column":37},"end":{"line":15,"column":35}},"type":"binary-expr","locations":[{"start":{"line":14,"column":37},"end":{"line":15,"column":null}},{"start":{"line":15,"column":22},"end":{"line":15,"column":35}}]}},"s":{"0":0,"1":0,"2":0,"3":0,"4":0,"5":0,"6":0,"7":0,"8":0,"9":0,"10":0,"11":0,"12":0,"13":0,"14":0,"15":0,"16":0,"17":0,"18":0,"19":0,"20":0,"21":0,"22":0,"23":0,"24":0,"25":0,"26":0,"27":0,"28":0,"29":0,"30":0},"f":{"0":0,"1":0,"2":0,"3":0,"4":0,"5":0},"b":{"0":[0,0],"1":[0,0],"2":[0,0],"3":[0,0],"4":[0,0],"5":[0,0],"6":[0,0],"7":[0,0],"8":[0,0],"9":[0,0],"10":[0,0]}}
,"/home/andres/Proyectos/diego-ferreira-platform/apps/api/src/payments/payments.module.ts": {"path":"/home/andres/Proyectos/diego-ferreira-platform/apps/api/src/payments/payments.module.ts","statementMap":{"0":{"start":{"line":1,"column":0},"end":{"line":1,"column":51}},"1":{"start":{"line":2,"column":0},"end":{"line":2,"column":51}},"2":{"start":{"line":3,"column":0},"end":{"line":3,"column":55}},"3":{"start":{"line":4,"column":0},"end":{"line":4,"column":58}},"4":{"start":{"line":5,"column":0},"end":{"line":5,"column":60}},"5":{"start":{"line":6,"column":0},"end":{"line":6,"column":58}},"6":{"start":{"line":14,"column":7},"end":{"line":14,"column":null}},"7":{"start":{"line":14,"column":13},"end":{"line":14,"column":27}},"8":{"start":{"line":14,"column":13},"end":{"line":14,"column":null}}},"fnMap":{},"branchMap":{},"s":{"0":0,"1":0,"2":0,"3":0,"4":0,"5":0,"6":0,"7":0,"8":0},"f":{},"b":{}}
,"/home/andres/Proyectos/diego-ferreira-platform/apps/api/src/payments/payments.service.ts": {"path":"/home/andres/Proyectos/diego-ferreira-platform/apps/api/src/payments/payments.service.ts","statementMap":{"0":{"start":{"line":1,"column":0},"end":{"line":1,"column":null}},"1":{"start":{"line":7,"column":0},"end":{"line":7,"column":47}},"2":{"start":{"line":8,"column":0},"end":{"line":8,"column":57}},"3":{"start":{"line":9,"column":0},"end":{"line":9,"column":55}},"4":{"start":{"line":10,"column":0},"end":{"line":10,"column":33}},"5":{"start":{"line":13,"column":28},"end":{"line":289,"column":null}},"6":{"start":{"line":14,"column":28},"end":{"line":14,"column":60}},"7":{"start":{"line":17,"column":12},"end":{"line":17,"column":20}},"8":{"start":{"line":18,"column":12},"end":{"line":18,"column":20}},"9":{"start":{"line":19,"column":12},"end":{"line":19,"column":20}},"10":{"start":{"line":23,"column":26},"end":{"line":23,"column":54}},"11":{"start":{"line":24,"column":26},"end":{"line":24,"column":43}},"12":{"start":{"line":26,"column":18},"end":{"line":31,"column":20}},"13":{"start":{"line":33,"column":17},"end":{"line":46,"column":6}},"14":{"start":{"line":48,"column":16},"end":{"line":51,"column":null}},"15":{"start":{"line":53,"column":17},"end":{"line":53,"column":33}},"16":{"start":{"line":54,"column":4},"end":{"line":55,"column":80}},"17":{"start":{"line":55,"column":6},"end":{"line":55,"column":80}},"18":{"start":{"line":57,"column":4},"end":{"line":64,"column":7}},"19":{"start":{"line":66,"column":4},"end":{"line":66,"column":51}},"20":{"start":{"line":72,"column":22},"end":{"line":72,"column":29}},"21":{"start":{"line":73,"column":22},"end":{"line":73,"column":27}},"22":{"start":{"line":79,"column":26},"end":{"line":79,"column":45}},"23":{"start":{"line":80,"column":26},"end":{"line":81,"column":null}},"24":{"start":{"line":84,"column":18},"end":{"line":89,"column":20}},"25":{"start":{"line":91,"column":22},"end":{"line":92,"column":62}},"26":{"start":{"line":93,"column":22},"end":{"line":94,"column":59}},"27":{"start":{"line":96,"column":17},"end":{"line":109,"column":6}},"28":{"start":{"line":111,"column":16},"end":{"line":114,"column":null}},"29":{"start":{"line":116,"column":17},"end":{"line":116,"column":33}},"30":{"start":{"line":117,"column":4},"end":{"line":118,"column":80}},"31":{"start":{"line":118,"column":6},"end":{"line":118,"column":80}},"32":{"start":{"line":120,"column":4},"end":{"line":128,"column":7}},"33":{"start":{"line":130,"column":4},"end":{"line":132,"column":6}},"34":{"start":{"line":134,"column":4},"end":{"line":134,"column":92}},"35":{"start":{"line":138,"column":15},"end":{"line":138,"column":33}},"36":{"start":{"line":140,"column":4},"end":{"line":143,"column":5}},"37":{"start":{"line":141,"column":6},"end":{"line":141,"column":63}},"38":{"start":{"line":142,"column":6},"end":{"line":142,"column":35}},"39":{"start":{"line":147,"column":23},"end":{"line":147,"column":66}},"40":{"start":{"line":148,"column":4},"end":{"line":167,"column":5}},"41":{"start":{"line":149,"column":24},"end":{"line":149,"column":63}},"42":{"start":{"line":150,"column":28},"end":{"line":159,"column":22}},"43":{"start":{"line":161,"column":6},"end":{"line":166,"column":7}},"44":{"start":{"line":162,"column":8},"end":{"line":164,"column":10}},"45":{"start":{"line":165,"column":8},"end":{"line":165,"column":37}},"46":{"start":{"line":170,"column":20},"end":{"line":173,"column":6}},"47":{"start":{"line":175,"column":4},"end":{"line":189,"column":5}},"48":{"start":{"line":178,"column":27},"end":{"line":180,"column":8}},"49":{"start":{"line":181,"column":6},"end":{"line":183,"column":7}},"50":{"start":{"line":182,"column":8},"end":{"line":182,"column":64}},"51":{"start":{"line":185,"column":6},"end":{"line":187,"column":8}},"52":{"start":{"line":188,"column":6},"end":{"line":188,"column":35}},"53":{"start":{"line":191,"column":4},"end":{"line":196,"column":5}},"54":{"start":{"line":192,"column":6},"end":{"line":194,"column":8}},"55":{"start":{"line":195,"column":6},"end":{"line":195,"column":35}},"56":{"start":{"line":199,"column":4},"end":{"line":208,"column":5}},"57":{"start":{"line":200,"column":6},"end":{"line":202,"column":8}},"58":{"start":{"line":203,"column":6},"end":{"line":206,"column":9}},"59":{"start":{"line":207,"column":6},"end":{"line":207,"column":35}},"60":{"start":{"line":211,"column":4},"end":{"line":214,"column":7}},"61":{"start":{"line":216,"column":4},"end":{"line":219,"column":7}},"62":{"start":{"line":221,"column":4},"end":{"line":223,"column":6}},"63":{"start":{"line":225,"column":4},"end":{"line":229,"column":7}},"64":{"start":{"line":231,"column":4},"end":{"line":231,"column":33}},"65":{"start":{"line":238,"column":4},"end":{"line":243,"column":5}},"66":{"start":{"line":239,"column":6},"end":{"line":241,"column":8}},"67":{"start":{"line":242,"column":6},"end":{"line":242,"column":35}},"68":{"start":{"line":245,"column":4},"end":{"line":254,"column":5}},"69":{"start":{"line":246,"column":6},"end":{"line":248,"column":8}},"70":{"start":{"line":249,"column":6},"end":{"line":252,"column":9}},"71":{"start":{"line":253,"column":6},"end":{"line":253,"column":35}},"72":{"start":{"line":256,"column":26},"end":{"line":256,"column":45}},"73":{"start":{"line":257,"column":4},"end":{"line":260,"column":7}},"74":{"start":{"line":262,"column":4},"end":{"line":264,"column":6}},"75":{"start":{"line":270,"column":4},"end":{"line":270,"column":33}},"76":{"start":{"line":274,"column":21},"end":{"line":276,"column":6}},"77":{"start":{"line":278,"column":4},"end":{"line":280,"column":5}},"78":{"start":{"line":279,"column":6},"end":{"line":279,"column":74}},"79":{"start":{"line":282,"column":4},"end":{"line":285,"column":7}},"80":{"start":{"line":287,"column":4},"end":{"line":287,"column":50}},"81":{"start":{"line":13,"column":13},"end":{"line":13,"column":28}},"82":{"start":{"line":13,"column":13},"end":{"line":289,"column":null}}},"fnMap":{"0":{"name":"(anonymous_11)","decl":{"start":{"line":16,"column":2},"end":{"line":16,"column":null}},"loc":{"start":{"line":19,"column":32},"end":{"line":20,"column":6}}},"1":{"name":"(anonymous_12)","decl":{"start":{"line":22,"column":2},"end":{"line":22,"column":7}},"loc":{"start":{"line":22,"column":77},"end":{"line":67,"column":3}}},"2":{"name":"(anonymous_13)","decl":{"start":{"line":71,"column":2},"end":{"line":71,"column":7}},"loc":{"start":{"line":71,"column":59},"end":{"line":135,"column":3}}},"3":{"name":"(anonymous_14)","decl":{"start":{"line":137,"column":2},"end":{"line":137,"column":7}},"loc":{"start":{"line":137,"column":34},"end":{"line":232,"column":3}}},"4":{"name":"(anonymous_15)","decl":{"start":{"line":234,"column":10},"end":{"line":234,"column":15}},"loc":{"start":{"line":236,"column":55},"end":{"line":271,"column":3}}},"5":{"name":"(anonymous_16)","decl":{"start":{"line":273,"column":2},"end":{"line":273,"column":7}},"loc":{"start":{"line":273,"column":34},"end":{"line":288,"column":3}}}},"branchMap":{"0":{"loc":{"start":{"line":54,"column":4},"end":{"line":55,"column":80}},"type":"if","locations":[{"start":{"line":54,"column":4},"end":{"line":55,"column":80}},{"start":{},"end":{}}]},"1":{"loc":{"start":{"line":55,"column":36},"end":{"line":55,"column":78}},"type":"binary-expr","locations":[{"start":{"line":55,"column":36},"end":{"line":55,"column":59}},{"start":{"line":55,"column":63},"end":{"line":55,"column":78}}]},"2":{"loc":{"start":{"line":91,"column":22},"end":{"line":92,"column":62}},"type":"binary-expr","locations":[{"start":{"line":91,"column":22},"end":{"line":91,"column":62}},{"start":{"line":92,"column":9},"end":{"line":92,"column":62}}]},"3":{"loc":{"start":{"line":93,"column":22},"end":{"line":94,"column":59}},"type":"binary-expr","locations":[{"start":{"line":93,"column":22},"end":{"line":93,"column":62}},{"start":{"line":94,"column":9},"end":{"line":94,"column":59}}]},"4":{"loc":{"start":{"line":117,"column":4},"end":{"line":118,"column":80}},"type":"if","locations":[{"start":{"line":117,"column":4},"end":{"line":118,"column":80}},{"start":{},"end":{}}]},"5":{"loc":{"start":{"line":118,"column":36},"end":{"line":118,"column":78}},"type":"binary-expr","locations":[{"start":{"line":118,"column":36},"end":{"line":118,"column":59}},{"start":{"line":118,"column":63},"end":{"line":118,"column":78}}]},"6":{"loc":{"start":{"line":140,"column":4},"end":{"line":143,"column":5}},"type":"if","locations":[{"start":{"line":140,"column":4},"end":{"line":143,"column":5}},{"start":{},"end":{}}]},"7":{"loc":{"start":{"line":148,"column":4},"end":{"line":167,"column":5}},"type":"if","locations":[{"start":{"line":148,"column":4},"end":{"line":167,"column":5}},{"start":{},"end":{}}]},"8":{"loc":{"start":{"line":149,"column":35},"end":{"line":149,"column":51}},"type":"binary-expr","locations":[{"start":{"line":149,"column":35},"end":{"line":149,"column":44}},{"start":{"line":149,"column":48},"end":{"line":149,"column":51}}]},"9":{"loc":{"start":{"line":157,"column":11},"end":{"line":157,"column":31}},"type":"binary-expr","locations":[{"start":{"line":157,"column":11},"end":{"line":157,"column":22}},{"start":{"line":157,"column":26},"end":{"line":157,"column":31}}]},"10":{"loc":{"start":{"line":161,"column":6},"end":{"line":166,"column":7}},"type":"if","locations":[{"start":{"line":161,"column":6},"end":{"line":166,"column":7}},{"start":{},"end":{}}]},"11":{"loc":{"start":{"line":175,"column":4},"end":{"line":189,"column":5}},"type":"if","locations":[{"start":{"line":175,"column":4},"end":{"line":189,"column":5}},{"start":{},"end":{}}]},"12":{"loc":{"start":{"line":181,"column":6},"end":{"line":183,"column":7}},"type":"if","locations":[{"start":{"line":181,"column":6},"end":{"line":183,"column":7}},{"start":{},"end":{}}]},"13":{"loc":{"start":{"line":191,"column":4},"end":{"line":196,"column":5}},"type":"if","locations":[{"start":{"line":191,"column":4},"end":{"line":196,"column":5}},{"start":{},"end":{}}]},"14":{"loc":{"start":{"line":199,"column":4},"end":{"line":208,"column":5}},"type":"if","locations":[{"start":{"line":199,"column":4},"end":{"line":208,"column":5}},{"start":{},"end":{}}]},"15":{"loc":{"start":{"line":238,"column":4},"end":{"line":243,"column":5}},"type":"if","locations":[{"start":{"line":238,"column":4},"end":{"line":243,"column":5}},{"start":{},"end":{}}]},"16":{"loc":{"start":{"line":245,"column":4},"end":{"line":254,"column":5}},"type":"if","locations":[{"start":{"line":245,"column":4},"end":{"line":254,"column":5}},{"start":{},"end":{}}]},"17":{"loc":{"start":{"line":278,"column":4},"end":{"line":280,"column":5}},"type":"if","locations":[{"start":{"line":278,"column":4},"end":{"line":280,"column":5}},{"start":{},"end":{}}]},"18":{"loc":{"start":{"line":278,"column":8},"end":{"line":278,"column":52}},"type":"binary-expr","locations":[{"start":{"line":278,"column":8},"end":{"line":278,"column":17}},{"start":{"line":278,"column":21},"end":{"line":278,"column":52}}]},"19":{"loc":{"start":{"line":17,"column":20},"end":{"line":17,"column":null}},"type":"cond-expr","locations":[{"start":{"line":17,"column":33},"end":{"line":17,"column":null}},{"start":{"line":17,"column":33},"end":{"line":17,"column":null}}]},"20":{"loc":{"start":{"line":17,"column":20},"end":{"line":17,"column":33}},"type":"binary-expr","locations":[{"start":{"line":17,"column":20},"end":{"line":17,"column":null}},{"start":{"line":17,"column":20},"end":{"line":17,"column":33}}]},"21":{"loc":{"start":{"line":17,"column":33},"end":{"line":18,"column":null}},"type":"cond-expr","locations":[{"start":{"line":18,"column":33},"end":{"line":18,"column":null}},{"start":{"line":18,"column":33},"end":{"line":18,"column":null}}]},"22":{"loc":{"start":{"line":17,"column":33},"end":{"line":18,"column":33}},"type":"binary-expr","locations":[{"start":{"line":17,"column":33},"end":{"line":18,"column":null}},{"start":{"line":18,"column":20},"end":{"line":18,"column":33}}]},"23":{"loc":{"start":{"line":18,"column":33},"end":{"line":19,"column":null}},"type":"cond-expr","locations":[{"start":{"line":19,"column":32},"end":{"line":19,"column":null}},{"start":{"line":19,"column":32},"end":{"line":19,"column":null}}]},"24":{"loc":{"start":{"line":18,"column":33},"end":{"line":19,"column":32}},"type":"binary-expr","locations":[{"start":{"line":18,"column":33},"end":{"line":19,"column":null}},{"start":{"line":19,"column":20},"end":{"line":19,"column":32}}]}},"s":{"0":1,"1":1,"2":1,"3":1,"4":1,"5":1,"6":13,"7":13,"8":13,"9":13,"10":1,"11":1,"12":1,"13":1,"14":1,"15":1,"16":1,"17":0,"18":1,"19":1,"20":1,"21":1,"22":1,"23":1,"24":1,"25":1,"26":1,"27":1,"28":1,"29":1,"30":1,"31":0,"32":1,"33":1,"34":1,"35":8,"36":8,"37":0,"38":0,"39":8,"40":8,"41":8,"42":8,"43":8,"44":1,"45":1,"46":7,"47":7,"48":4,"49":4,"50":3,"51":1,"52":1,"53":3,"54":1,"55":1,"56":2,"57":1,"58":1,"59":1,"60":1,"61":1,"62":1,"63":1,"64":1,"65":3,"66":1,"67":1,"68":2,"69":1,"70":1,"71":1,"72":1,"73":1,"74":1,"75":1,"76":3,"77":3,"78":2,"79":1,"80":1,"81":1,"82":1},"f":{"0":13,"1":1,"2":1,"3":8,"4":3,"5":3},"b":{"0":[0,1],"1":[0,0],"2":[1,1],"3":[1,1],"4":[0,1],"5":[0,0],"6":[0,8],"7":[8,0],"8":[8,0],"9":[8,0],"10":[1,7],"11":[4,3],"12":[3,1],"13":[1,2],"14":[1,1],"15":[1,2],"16":[1,1],"17":[2,1],"18":[3,2],"19":[1,0],"20":[1,1],"21":[1,0],"22":[1,1],"23":[1,0],"24":[1,1]}}
,"/home/andres/Proyectos/diego-ferreira-platform/apps/api/src/prisma/prisma.module.ts": {"path":"/home/andres/Proyectos/diego-ferreira-platform/apps/api/src/prisma/prisma.module.ts","statementMap":{"0":{"start":{"line":1,"column":0},"end":{"line":1,"column":48}},"1":{"start":{"line":2,"column":0},"end":{"line":2,"column":49}},"2":{"start":{"line":9,"column":7},"end":{"line":9,"column":null}},"3":{"start":{"line":9,"column":13},"end":{"line":9,"column":25}},"4":{"start":{"line":9,"column":13},"end":{"line":9,"column":null}}},"fnMap":{},"branchMap":{},"s":{"0":0,"1":0,"2":0,"3":0,"4":0},"f":{},"b":{}}
,"/home/andres/Proyectos/diego-ferreira-platform/apps/api/src/prisma/prisma.service.ts": {"path":"/home/andres/Proyectos/diego-ferreira-platform/apps/api/src/prisma/prisma.service.ts","statementMap":{"0":{"start":{"line":1,"column":0},"end":{"line":1,"column":74}},"1":{"start":{"line":2,"column":0},"end":{"line":2,"column":45}},"2":{"start":{"line":3,"column":0},"end":{"line":3,"column":45}},"3":{"start":{"line":6,"column":7},"end":{"line":25,"column":null}},"4":{"start":{"line":11,"column":4},"end":{"line":15,"column":null}},"5":{"start":{"line":19,"column":4},"end":{"line":19,"column":null}},"6":{"start":{"line":23,"column":4},"end":{"line":23,"column":null}},"7":{"start":{"line":6,"column":13},"end":{"line":6,"column":26}},"8":{"start":{"line":6,"column":13},"end":{"line":25,"column":null}}},"fnMap":{"0":{"name":"(anonymous_2)","decl":{"start":{"line":10,"column":2},"end":{"line":10,"column":null}},"loc":{"start":{"line":10,"column":2},"end":{"line":16,"column":3}}},"1":{"name":"(anonymous_3)","decl":{"start":{"line":18,"column":2},"end":{"line":18,"column":7}},"loc":{"start":{"line":18,"column":20},"end":{"line":20,"column":3}}},"2":{"name":"(anonymous_4)","decl":{"start":{"line":22,"column":2},"end":{"line":22,"column":7}},"loc":{"start":{"line":22,"column":23},"end":{"line":24,"column":3}}}},"branchMap":{},"s":{"0":6,"1":6,"2":6,"3":6,"4":0,"5":0,"6":0,"7":6,"8":6},"f":{"0":0,"1":0,"2":0},"b":{}}
,"/home/andres/Proyectos/diego-ferreira-platform/apps/api/src/reminders/reminders.module.ts": {"path":"/home/andres/Proyectos/diego-ferreira-platform/apps/api/src/reminders/reminders.module.ts","statementMap":{"0":{"start":{"line":1,"column":0},"end":{"line":1,"column":40}},"1":{"start":{"line":2,"column":0},"end":{"line":2,"column":50}},"2":{"start":{"line":3,"column":0},"end":{"line":3,"column":55}},"3":{"start":{"line":4,"column":0},"end":{"line":4,"column":55}},"4":{"start":{"line":5,"column":0},"end":{"line":5,"column":52}},"5":{"start":{"line":11,"column":7},"end":{"line":11,"column":null}},"6":{"start":{"line":11,"column":13},"end":{"line":11,"column":28}},"7":{"start":{"line":11,"column":13},"end":{"line":11,"column":null}}},"fnMap":{},"branchMap":{},"s":{"0":0,"1":0,"2":0,"3":0,"4":0,"5":0,"6":0,"7":0},"f":{},"b":{}}
,"/home/andres/Proyectos/diego-ferreira-platform/apps/api/src/reminders/reminders.service.ts": {"path":"/home/andres/Proyectos/diego-ferreira-platform/apps/api/src/reminders/reminders.service.ts","statementMap":{"0":{"start":{"line":1,"column":0},"end":{"line":1,"column":44}},"1":{"start":{"line":2,"column":0},"end":{"line":2,"column":56}},"2":{"start":{"line":3,"column":0},"end":{"line":3,"column":57}},"3":{"start":{"line":4,"column":0},"end":{"line":4,"column":55}},"4":{"start":{"line":7,"column":7},"end":{"line":51,"column":null}},"5":{"start":{"line":9,"column":12},"end":{"line":9,"column":20}},"6":{"start":{"line":10,"column":12},"end":{"line":10,"column":20}},"7":{"start":{"line":15,"column":16},"end":{"line":15,"column":26}},"8":{"start":{"line":17,"column":73},"end":{"line":26,"column":6}},"9":{"start":{"line":28,"column":4},"end":{"line":49,"column":5}},"10":{"start":{"line":29,"column":23},"end":{"line":32,"column":8}},"11":{"start":{"line":34,"column":6},"end":{"line":48,"column":7}},"12":{"start":{"line":35,"column":8},"end":{"line":43,"column":11}},"13":{"start":{"line":44,"column":8},"end":{"line":47,"column":11}},"14":{"start":{"line":7,"column":13},"end":{"line":7,"column":29}},"15":{"start":{"line":14,"column":8},"end":{"line":50,"column":null}},"16":{"start":{"line":7,"column":13},"end":{"line":51,"column":null}}},"fnMap":{"0":{"name":"(anonymous_2)","decl":{"start":{"line":8,"column":2},"end":{"line":8,"column":null}},"loc":{"start":{"line":10,"column":32},"end":{"line":11,"column":6}}},"1":{"name":"(anonymous_3)","decl":{"start":{"line":14,"column":8},"end":{"line":14,"column":21}},"loc":{"start":{"line":14,"column":21},"end":{"line":50,"column":3}}}},"branchMap":{"0":{"loc":{"start":{"line":41,"column":23},"end":{"line":41,"column":38}},"type":"binary-expr","locations":[{"start":{"line":41,"column":23},"end":{"line":41,"column":32}},{"start":{"line":41,"column":36},"end":{"line":41,"column":38}}]},"1":{"loc":{"start":{"line":9,"column":20},"end":{"line":9,"column":null}},"type":"cond-expr","locations":[{"start":{"line":9,"column":33},"end":{"line":9,"column":null}},{"start":{"line":9,"column":33},"end":{"line":9,"column":null}}]},"2":{"loc":{"start":{"line":9,"column":20},"end":{"line":9,"column":33}},"type":"binary-expr","locations":[{"start":{"line":9,"column":20},"end":{"line":9,"column":null}},{"start":{"line":9,"column":20},"end":{"line":9,"column":33}}]},"3":{"loc":{"start":{"line":9,"column":33},"end":{"line":10,"column":null}},"type":"cond-expr","locations":[{"start":{"line":10,"column":32},"end":{"line":10,"column":null}},{"start":{"line":10,"column":32},"end":{"line":10,"column":null}}]},"4":{"loc":{"start":{"line":9,"column":33},"end":{"line":10,"column":32}},"type":"binary-expr","locations":[{"start":{"line":9,"column":33},"end":{"line":10,"column":null}},{"start":{"line":10,"column":20},"end":{"line":10,"column":32}}]}},"s":{"0":1,"1":1,"2":1,"3":1,"4":1,"5":5,"6":5,"7":5,"8":5,"9":5,"10":10,"11":10,"12":3,"13":3,"14":1,"15":1,"16":1},"f":{"0":5,"1":5},"b":{"0":[3,0],"1":[1,0],"2":[1,1],"3":[1,0],"4":[1,1]}}
}
