TN:
SF:src/app.module.ts
FNF:0
FNH:0
DA:1,0
DA:2,0
DA:3,0
DA:4,0
DA:5,0
DA:6,0
DA:7,0
DA:8,0
DA:9,0
DA:10,0
DA:11,0
DA:12,0
DA:29,0
LF:13
LH:0
BRF:0
BRH:0
end_of_record
TN:
SF:src/main.ts
FN:5,bootstrap
FNF:1
FNH:0
FNDA:0,bootstrap
DA:1,0
DA:2,0
DA:3,0
DA:6,0
DA:8,0
DA:10,0
DA:22,0
DA:23,0
DA:24,0
DA:27,0
LF:10
LH:0
BRDA:14,0,0,0
BRDA:14,0,1,0
BRDA:15,1,0,0
BRDA:15,1,1,0
BRDA:22,2,0,0
BRDA:22,2,1,0
BRF:6
BRH:0
end_of_record
TN:
SF:src/auth/auth.controller.ts
FN:11,(anonymous_4)
FN:15,(anonymous_5)
FN:34,(anonymous_6)
FN:41,(anonymous_7)
FNF:4
FNH:4
FNDA:5,(anonymous_4)
FNDA:2,(anonymous_5)
FNDA:1,(anonymous_6)
FNDA:1,(anonymous_7)
DA:1,1
DA:6,1
DA:7,1
DA:10,1
DA:11,5
DA:15,1
DA:20,2
DA:22,1
DA:29,1
DA:34,1
DA:35,1
DA:36,1
DA:41,1
DA:42,1
LF:14
LH:14
BRDA:11,0,0,1
BRDA:11,0,1,0
BRDA:11,1,0,1
BRDA:11,1,1,1
BRF:4
BRH:3
end_of_record
TN:
SF:src/auth/auth.module.ts
FN:15,(anonymous_1)
FNF:1
FNH:0
FNDA:0,(anonymous_1)
DA:1,0
DA:2,0
DA:3,0
DA:4,0
DA:5,0
DA:6,0
DA:7,0
DA:15,0
DA:25,0
LF:9
LH:0
BRF:0
BRH:0
end_of_record
TN:
SF:src/auth/auth.service.ts
FN:8,(anonymous_11)
FN:13,(anonymous_12)
FN:35,(anonymous_13)
FNF:3
FNH:3
FNDA:4,(anonymous_11)
FNDA:3,(anonymous_12)
FNDA:1,(anonymous_13)
DA:1,2
DA:2,2
DA:3,2
DA:4,2
DA:7,2
DA:9,4
DA:10,4
DA:14,3
DA:17,3
DA:19,2
DA:20,2
DA:22,1
DA:27,1
DA:29,1
DA:39,1
DA:40,1
LF:16
LH:16
BRDA:17,0,0,1
BRDA:17,0,1,2
BRDA:20,1,0,1
BRDA:20,1,1,1
BRDA:44,2,0,1
BRDA:44,2,1,1
BRDA:9,3,0,2
BRDA:9,3,1,0
BRDA:9,4,0,2
BRDA:9,4,1,2
BRDA:9,5,0,2
BRDA:9,5,1,0
BRDA:9,6,0,2
BRDA:9,6,1,2
BRF:14
BRH:12
end_of_record
TN:
SF:src/auth/jwt.guard.ts
FN:10,(anonymous_2)
FN:15,(anonymous_3)
FNF:2
FNH:0
FNDA:0,(anonymous_2)
FNDA:0,(anonymous_3)
DA:1,1
DA:5,1
DA:6,1
DA:9,1
DA:11,0
DA:12,0
DA:16,0
DA:20,0
DA:23,0
DA:25,0
DA:26,0
DA:29,0
DA:31,0
LF:13
LH:4
BRDA:20,0,0,0
BRDA:20,0,1,0
BRDA:23,1,0,0
BRDA:23,1,1,0
BRDA:11,2,0,1
BRDA:11,2,1,0
BRDA:11,3,0,1
BRDA:11,3,1,1
BRDA:11,4,0,1
BRDA:11,4,1,0
BRDA:11,5,0,1
BRDA:11,5,1,1
BRF:12
BRH:6
end_of_record
TN:
SF:src/calendar/calendar.controller.ts
FN:15,(anonymous_4)
FN:19,(anonymous_5)
FN:25,(anonymous_6)
FNF:3
FNH:0
FNDA:0,(anonymous_4)
FNDA:0,(anonymous_5)
FNDA:0,(anonymous_6)
DA:1,0
DA:2,0
DA:14,0
DA:15,0
DA:19,0
DA:20,0
DA:25,0
DA:26,0
LF:8
LH:0
BRDA:15,0,0,0
BRDA:15,0,1,0
BRDA:15,1,0,0
BRDA:15,1,1,0
BRF:4
BRH:0
end_of_record
TN:
SF:src/calendar/calendar.module.ts
FNF:0
FNH:0
DA:1,0
DA:2,0
DA:3,0
DA:4,0
DA:5,0
DA:13,0
LF:6
LH:0
BRF:0
BRH:0
end_of_record
TN:
SF:src/calendar/calendar.service.ts
FN:8,(anonymous_2)
FN:13,(anonymous_3)
FN:24,(anonymous_4)
FN:59,(anonymous_5)
FN:76,(anonymous_6)
FN:97,(anonymous_7)
FN:112,(anonymous_8)
FNF:7
FNH:7
FNDA:7,(anonymous_2)
FNDA:4,(anonymous_3)
FNDA:3,(anonymous_4)
FNDA:2,(anonymous_5)
FNDA:2,(anonymous_6)
FNDA:2,(anonymous_7)
FNDA:1,(anonymous_8)
DA:1,1
DA:2,1
DA:3,1
DA:4,1
DA:7,1
DA:9,7
DA:10,7
DA:14,4
DA:18,4
DA:21,4
DA:25,3
DA:26,3
DA:27,3
DA:28,3
DA:30,3
DA:31,1
DA:32,1
DA:35,2
DA:36,2
DA:37,2
DA:38,2
DA:40,2
DA:59,2
DA:66,2
DA:71,0
DA:72,0
DA:85,2
DA:87,2
DA:97,2
DA:111,1
DA:112,1
DA:117,1
DA:118,0
DA:124,1
LF:34
LH:31
BRDA:30,0,0,1
BRDA:30,0,1,2
BRDA:30,1,0,3
BRDA:30,1,1,2
BRDA:30,1,2,2
BRDA:30,1,3,2
BRDA:62,2,0,2
BRDA:62,2,1,0
BRDA:63,3,0,2
BRDA:63,3,1,0
BRDA:67,4,0,2
BRDA:67,4,1,0
BRDA:68,5,0,2
BRDA:68,5,1,0
BRDA:92,6,0,2
BRDA:92,6,1,0
BRDA:111,7,0,1
BRDA:111,7,1,0
BRDA:117,8,0,0
BRDA:117,8,1,1
BRDA:117,9,0,1
BRDA:117,9,1,0
BRDA:9,10,0,1
BRDA:9,10,1,0
BRDA:9,11,0,1
BRDA:9,11,1,1
BRDA:9,12,0,1
BRDA:9,12,1,0
BRDA:9,13,0,1
BRDA:9,13,1,1
BRF:30
BRH:20
end_of_record
TN:
SF:src/cms/cms.controller.ts
FN:6,(anonymous_4)
FN:8,(anonymous_5)
FN:9,(anonymous_6)
FN:11,(anonymous_7)
FN:12,(anonymous_8)
FN:14,(anonymous_9)
FN:15,(anonymous_10)
FN:16,(anonymous_11)
FNF:8
FNH:0
FNDA:0,(anonymous_4)
FNDA:0,(anonymous_5)
FNDA:0,(anonymous_6)
FNDA:0,(anonymous_7)
FNDA:0,(anonymous_8)
FNDA:0,(anonymous_9)
FNDA:0,(anonymous_10)
FNDA:0,(anonymous_11)
DA:1,0
DA:2,0
DA:5,0
DA:6,0
DA:8,0
DA:9,0
DA:11,0
DA:12,0
DA:14,0
DA:15,0
DA:16,0
LF:11
LH:0
BRDA:6,0,0,0
BRDA:6,0,1,0
BRDA:6,1,0,0
BRDA:6,1,1,0
BRF:4
BRH:0
end_of_record
TN:
SF:src/cms/cms.module.ts
FNF:0
FNH:0
DA:1,0
DA:2,0
DA:3,0
DA:9,0
LF:4
LH:0
BRF:0
BRH:0
end_of_record
TN:
SF:src/cms/cms.service.ts
FN:7,(anonymous_1)
FN:16,(anonymous_2)
FN:17,(anonymous_3)
FN:19,(anonymous_4)
FN:24,(anonymous_5)
FN:25,(anonymous_6)
FN:27,(anonymous_7)
FN:32,(anonymous_8)
FN:33,(anonymous_9)
FN:34,(anonymous_10)
FNF:10
FNH:0
FNDA:0,(anonymous_1)
FNDA:0,(anonymous_2)
FNDA:0,(anonymous_3)
FNDA:0,(anonymous_4)
FNDA:0,(anonymous_5)
FNDA:0,(anonymous_6)
FNDA:0,(anonymous_7)
FNDA:0,(anonymous_8)
FNDA:0,(anonymous_9)
FNDA:0,(anonymous_10)
DA:1,0
DA:2,0
DA:3,0
DA:6,0
DA:8,0
DA:9,0
DA:10,0
DA:12,0
DA:16,0
DA:18,0
DA:19,0
DA:20,0
DA:21,0
DA:24,0
DA:26,0
DA:27,0
DA:28,0
DA:29,0
DA:32,0
DA:33,0
DA:34,0
LF:21
LH:0
BRDA:20,0,0,0
BRDA:20,0,1,0
BRDA:28,1,0,0
BRDA:28,1,1,0
BRF:4
BRH:0
end_of_record
TN:
SF:src/email/email.module.ts
FNF:0
FNH:0
DA:1,0
DA:2,0
DA:3,0
DA:10,0
LF:4
LH:0
BRF:0
BRH:0
end_of_record
TN:
SF:src/email/email.service.ts
FN:7,btn
FN:30,baseTemplate
FN:89,(anonymous_4)
FN:92,(anonymous_5)
FN:102,(anonymous_6)
FN:146,(anonymous_7)
FN:193,(anonymous_8)
FN:235,(anonymous_9)
FN:274,(anonymous_10)
FNF:9
FNH:9
FNDA:6,btn
FNDA:7,baseTemplate
FNDA:7,(anonymous_4)
FNDA:7,(anonymous_5)
FNDA:2,(anonymous_6)
FNDA:1,(anonymous_7)
FNDA:2,(anonymous_8)
FNDA:1,(anonymous_9)
FNDA:1,(anonymous_10)
DA:1,4
DA:2,4
DA:3,4
DA:8,6
DA:9,6
DA:31,7
DA:85,4
DA:86,7
DA:87,7
DA:89,7
DA:93,7
DA:94,7
DA:95,7
DA:97,7
DA:108,2
DA:109,2
DA:112,2
DA:114,2
DA:136,2
DA:154,1
DA:160,1
DA:183,1
DA:201,2
DA:202,2
DA:205,2
DA:209,2
DA:225,2
DA:241,1
DA:245,1
DA:264,1
DA:278,1
DA:287,1
LF:32
LH:32
BRDA:7,0,0,2
BRDA:8,1,0,2
BRDA:8,1,1,4
BRDA:93,2,0,7
BRDA:93,2,1,0
BRDA:94,3,0,7
BRDA:94,3,1,0
BRDA:109,4,0,2
BRDA:109,4,1,0
BRDA:112,5,0,2
BRDA:112,5,1,0
BRDA:154,6,0,0
BRDA:154,6,1,1
BRDA:201,7,0,2
BRDA:201,7,1,2
BRDA:201,7,2,0
BRDA:202,8,0,1
BRDA:202,8,1,1
BRDA:205,9,0,1
BRDA:205,9,1,1
BRDA:241,10,0,0
BRDA:241,10,1,1
BRDA:89,11,0,4
BRDA:89,11,1,0
BRDA:89,12,0,4
BRDA:89,12,1,4
BRF:26
BRH:18
end_of_record
TN:
SF:src/health/health.controller.ts
FN:6,(anonymous_2)
FN:9,(anonymous_3)
FNF:2
FNH:0
FNDA:0,(anonymous_2)
FNDA:0,(anonymous_3)
DA:1,0
DA:2,0
DA:5,0
DA:6,0
DA:9,0
DA:10,0
DA:11,0
DA:13,0
DA:14,0
DA:16,0
DA:19,0
DA:20,0
DA:21,0
DA:24,0
DA:27,0
LF:15
LH:0
BRDA:20,0,0,0
BRDA:20,0,1,0
BRDA:6,1,0,0
BRDA:6,1,1,0
BRDA:6,2,0,0
BRDA:6,2,1,0
BRF:6
BRH:0
end_of_record
TN:
SF:src/health/health.module.ts
FNF:0
FNH:0
DA:1,0
DA:2,0
DA:3,0
DA:9,0
LF:4
LH:0
BRF:0
BRH:0
end_of_record
TN:
SF:src/patients/patients.controller.ts
FN:10,(anonymous_4)
FN:15,(anonymous_5)
FN:21,(anonymous_6)
FN:28,(anonymous_7)
FN:35,(anonymous_8)
FN:42,(anonymous_9)
FNF:6
FNH:0
FNDA:0,(anonymous_4)
FNDA:0,(anonymous_5)
FNDA:0,(anonymous_6)
FNDA:0,(anonymous_7)
FNDA:0,(anonymous_8)
FNDA:0,(anonymous_9)
DA:1,0
DA:5,0
DA:6,0
DA:9,0
DA:10,0
DA:15,0
DA:16,0
DA:21,0
DA:22,0
DA:28,0
DA:29,0
DA:35,0
DA:36,0
DA:42,0
DA:46,0
LF:15
LH:0
BRDA:10,0,0,0
BRDA:10,0,1,0
BRDA:10,1,0,0
BRDA:10,1,1,0
BRF:4
BRH:0
end_of_record
TN:
SF:src/patients/patients.module.ts
FNF:0
FNH:0
DA:1,0
DA:2,0
DA:3,0
DA:4,0
DA:5,0
DA:6,0
DA:14,0
LF:7
LH:0
BRF:0
BRH:0
end_of_record
TN:
SF:src/patients/patients.service.ts
FN:11,(anonymous_11)
FN:17,(anonymous_12)
FN:26,(anonymous_13)
FN:31,(anonymous_14)
FN:38,(anonymous_15)
FN:45,(anonymous_16)
FN:76,(anonymous_17)
FNF:7
FNH:5
FNDA:8,(anonymous_11)
FNDA:2,(anonymous_12)
FNDA:2,(anonymous_13)
FNDA:1,(anonymous_14)
FNDA:0,(anonymous_15)
FNDA:3,(anonymous_16)
FNDA:0,(anonymous_17)
DA:1,1
DA:4,1
DA:5,1
DA:6,1
DA:7,1
DA:10,1
DA:12,8
DA:13,8
DA:14,8
DA:18,2
DA:22,2
DA:23,1
DA:27,2
DA:28,2
DA:32,1
DA:42,0
DA:49,3
DA:52,3
DA:54,2
DA:60,2
DA:66,2
DA:68,2
DA:73,2
DA:80,0
LF:24
LH:22
BRDA:22,0,0,1
BRDA:22,0,1,1
BRDA:52,1,0,1
BRDA:52,1,1,2
BRDA:12,2,0,1
BRDA:12,2,1,0
BRDA:12,3,0,1
BRDA:12,3,1,1
BRDA:12,4,0,1
BRDA:12,4,1,0
BRDA:12,5,0,1
BRDA:12,5,1,1
BRDA:13,6,0,1
BRDA:13,6,1,0
BRDA:13,7,0,1
BRDA:13,7,1,1
BRF:16
BRH:13
end_of_record
TN:
SF:src/payments/payments.controller.ts
FN:13,(anonymous_13)
FN:19,(anonymous_14)
FN:33,(anonymous_15)
FN:43,(anonymous_16)
FN:49,(anonymous_17)
FN:54,(anonymous_18)
FNF:6
FNH:0
FNDA:0,(anonymous_13)
FNDA:0,(anonymous_14)
FNDA:0,(anonymous_15)
FNDA:0,(anonymous_16)
FNDA:0,(anonymous_17)
FNDA:0,(anonymous_18)
DA:1,0
DA:5,0
DA:6,0
DA:7,0
DA:9,0
DA:12,0
DA:14,0
DA:15,0
DA:19,0
DA:20,0
DA:22,0
DA:23,0
DA:25,0
DA:27,0
DA:28,0
DA:29,0
DA:33,0
DA:34,0
DA:35,0
DA:39,0
DA:43,0
DA:44,0
DA:45,0
DA:49,0
DA:50,0
DA:54,0
DA:55,0
LF:27
LH:0
BRDA:20,0,0,0
BRDA:20,0,1,0
BRDA:27,1,0,0
BRDA:27,1,1,0
BRDA:28,2,0,0
BRDA:28,2,1,0
BRDA:34,3,0,0
BRDA:34,3,1,0
BRDA:34,4,0,0
BRDA:34,4,1,0
BRDA:39,5,0,0
BRDA:39,5,1,0
BRDA:44,6,0,0
BRDA:44,6,1,0
BRDA:14,7,0,0
BRDA:14,7,1,0
BRDA:14,8,0,0
BRDA:14,8,1,0
BRDA:14,9,0,0
BRDA:14,9,1,0
BRDA:14,10,0,0
BRDA:14,10,1,0
BRF:22
BRH:0
end_of_record
TN:
SF:src/payments/payments.module.ts
FNF:0
FNH:0
DA:1,0
DA:2,0
DA:3,0
DA:4,0
DA:5,0
DA:6,0
DA:14,0
LF:7
LH:0
BRF:0
BRH:0
end_of_record
TN:
SF:src/payments/payments.service.ts
FN:16,(anonymous_11)
FN:22,(anonymous_12)
FN:71,(anonymous_13)
FN:137,(anonymous_14)
FN:234,(anonymous_15)
FN:273,(anonymous_16)
FNF:6
FNH:6
FNDA:13,(anonymous_11)
FNDA:1,(anonymous_12)
FNDA:1,(anonymous_13)
FNDA:8,(anonymous_14)
FNDA:3,(anonymous_15)
FNDA:3,(anonymous_16)
DA:1,1
DA:7,1
DA:8,1
DA:9,1
DA:10,1
DA:13,1
DA:14,13
DA:17,13
DA:18,13
DA:19,13
DA:23,1
DA:24,1
DA:26,1
DA:33,1
DA:48,1
DA:53,1
DA:54,1
DA:55,0
DA:57,1
DA:66,1
DA:72,1
DA:73,1
DA:79,1
DA:80,1
DA:84,1
DA:91,1
DA:93,1
DA:96,1
DA:111,1
DA:116,1
DA:117,1
DA:118,0
DA:120,1
DA:130,1
DA:134,1
DA:138,8
DA:140,8
DA:141,0
DA:142,0
DA:147,8
DA:148,8
DA:149,8
DA:150,8
DA:161,8
DA:162,1
DA:165,1
DA:170,7
DA:175,7
DA:178,4
DA:181,4
DA:182,3
DA:185,1
DA:188,1
DA:191,3
DA:192,1
DA:195,1
DA:199,2
DA:200,1
DA:203,1
DA:207,1
DA:211,1
DA:216,1
DA:221,1
DA:225,1
DA:231,1
DA:238,3
DA:239,1
DA:242,1
DA:245,2
DA:246,1
DA:249,1
DA:253,1
DA:256,1
DA:257,1
DA:262,1
DA:270,1
DA:274,3
DA:278,3
DA:279,2
DA:282,1
DA:287,1
LF:81
LH:77
BRDA:54,0,0,0
BRDA:54,0,1,1
BRDA:55,1,0,0
BRDA:55,1,1,0
BRDA:91,2,0,1
BRDA:91,2,1,1
BRDA:93,3,0,1
BRDA:93,3,1,1
BRDA:117,4,0,0
BRDA:117,4,1,1
BRDA:118,5,0,0
BRDA:118,5,1,0
BRDA:140,6,0,0
BRDA:140,6,1,8
BRDA:148,7,0,8
BRDA:148,7,1,0
BRDA:149,8,0,8
BRDA:149,8,1,0
BRDA:157,9,0,8
BRDA:157,9,1,0
BRDA:161,10,0,1
BRDA:161,10,1,7
BRDA:175,11,0,4
BRDA:175,11,1,3
BRDA:181,12,0,3
BRDA:181,12,1,1
BRDA:191,13,0,1
BRDA:191,13,1,2
BRDA:199,14,0,1
BRDA:199,14,1,1
BRDA:238,15,0,1
BRDA:238,15,1,2
BRDA:245,16,0,1
BRDA:245,16,1,1
BRDA:278,17,0,2
BRDA:278,17,1,1
BRDA:278,18,0,3
BRDA:278,18,1,2
BRDA:17,19,0,1
BRDA:17,19,1,0
BRDA:17,20,0,1
BRDA:17,20,1,1
BRDA:17,21,0,1
BRDA:17,21,1,0
BRDA:17,22,0,1
BRDA:17,22,1,1
BRDA:18,23,0,1
BRDA:18,23,1,0
BRDA:18,24,0,1
BRDA:18,24,1,1
BRF:50
BRH:37
end_of_record
TN:
SF:src/prisma/prisma.module.ts
FNF:0
FNH:0
DA:1,0
DA:2,0
DA:9,0
LF:3
LH:0
BRF:0
BRH:0
end_of_record
TN:
SF:src/prisma/prisma.service.ts
FN:10,(anonymous_2)
FN:18,(anonymous_3)
FN:22,(anonymous_4)
FNF:3
FNH:0
FNDA:0,(anonymous_2)
FNDA:0,(anonymous_3)
FNDA:0,(anonymous_4)
DA:1,6
DA:2,6
DA:3,6
DA:6,6
DA:11,0
DA:19,0
DA:23,0
LF:7
LH:4
BRF:0
BRH:0
end_of_record
TN:
SF:src/reminders/reminders.module.ts
FNF:0
FNH:0
DA:1,0
DA:2,0
DA:3,0
DA:4,0
DA:5,0
DA:11,0
LF:6
LH:0
BRF:0
BRH:0
end_of_record
TN:
SF:src/reminders/reminders.service.ts
FN:8,(anonymous_2)
FN:14,(anonymous_3)
FNF:2
FNH:2
FNDA:5,(anonymous_2)
FNDA:5,(anonymous_3)
DA:1,1
DA:2,1
DA:3,1
DA:4,1
DA:7,1
DA:9,5
DA:10,5
DA:14,1
DA:15,5
DA:17,5
DA:28,5
DA:29,10
DA:34,10
DA:35,3
DA:44,3
LF:15
LH:15
BRDA:41,0,0,3
BRDA:41,0,1,0
BRDA:9,1,0,1
BRDA:9,1,1,0
BRDA:9,2,0,1
BRDA:9,2,1,1
BRDA:9,3,0,1
BRDA:9,3,1,0
BRDA:9,4,0,1
BRDA:9,4,1,1
BRF:10
BRH:7
end_of_record
